[kbplacer_plugin_action.py:63]: Plugin version: 0.11
[kbplacer_plugin_action.py:64]: Python version: '3.11.5 (main, Aug 14 2024, 05:26:19) [MSC v.1939 64 bit (AMD64)]'
[kbplacer_plugin_action.py:65]: KiCad version: 8.0.5 with 4.2.0 msw (phoenix) wxWidgets 3.2.5
[kbplacer_dialog.py:585]: Language: en
[kbplacer_plugin_action.py:76]: GUI state: {"layout_path": "J:\\SISK\\KLE-right-mapping.json", "key_distance": [19.05, 19.05], "key_info": {"annotation_format": "SW{}", "position_option": "Default", "position": {"x": 0.0, "y": 0.0, "orientation": 180.0, "side": "Front"}, "template_path": ""}, "enable_diode_placement": true, "route_switches_with_diodes": true, "optimize_diodes_orientation": true, "diode_info": {"annotation_format": "D{}", "position_option": "Custom", "position": {"x": 5.0, "y": 5.0, "orientation": 0.0, "side": "Front"}, "template_path": ""}, "additional_elements": [{"annotation_format": "ST{}", "position_option": "Custom", "position": {"x": 0.0, "y": 0.0, "orientation": 0.0, "side": "Front"}, "template_path": ""}], "route_rows_and_columns": false, "template_path": "", "generate_outline": true, "outline_delta": 2.0}
[key_placer.py:310]: Set key 1U distance: 19050000/19050000
[key_placer.py:112]: Unexpected switch net position detected, each switch should have two unique nets unambiguously defining position in key matrix
[key_placer.py:117]: Switches by nets: defaultdict(<class 'list'>, {frozenset({'/COL8', '/ROW4'}): ['SW41'], frozenset({'/COL7', '/ROW4'}): ['SW40'], frozenset({'/COL6', '/ROW4'}): ['SW39'], frozenset({'/COL5', '/ROW4'}): ['SW38'], frozenset({'/COL4', '/ROW4'}): ['SW37'], frozenset({'/COL3', '/ROW4'}): ['SW36'], frozenset({'/COL2', '/ROW4'}): ['SW35'], frozenset({'/COL8', '/ROW3'}): ['SW34'], frozenset({'/ROW3', '/COL7'}): ['SW33'], frozenset({'/COL5', '/ROW3'}): ['SW32'], frozenset({'/ROW3', '/COL4'}): ['SW31'], frozenset({'/COL3', '/ROW3'}): ['SW30'], frozenset({'/ROW3', '/COL2'}): ['SW29'], frozenset({'/COL1', '/ROW3'}): ['SW28'], frozenset({'/COL0', '/ROW3'}): ['SW27'], frozenset({'/COL8', '/ROW2'}): ['SW26'], frozenset({'/COL6', '/ROW2'}): ['SW25'], frozenset({'/COL5', '/ROW2'}): ['SW24'], frozenset({'/COL4', '/ROW2'}): ['SW23'], frozenset({'/COL3', '/ROW2'}): ['SW22'], frozenset({'/COL2', '/ROW2'}): ['SW21'], frozenset({'/COL1', '/ROW2'}): ['SW20'], frozenset({'/COL0', '/ROW2'}): ['SW19'], frozenset({'/COL8', '/ROW1'}): ['SW18'], frozenset({'/COL7', '/ROW1'}): ['SW17'], frozenset({'/COL6', '/ROW1'}): ['SW16'], frozenset({'/COL5', '/ROW1'}): ['SW15'], frozenset({'/COL4', '/ROW1'}): ['SW14'], frozenset({'/COL3', '/ROW1'}): ['SW13'], frozenset({'/COL2', '/ROW1'}): ['SW12'], frozenset({'/COL1', '/ROW1'}): ['SW11'], frozenset({'/COL0', '/ROW1'}): ['SW10'], frozenset({'/COL8', '/ROW0'}): ['SW9'], frozenset({'/COL7', '/ROW0'}): ['SW8'], frozenset({'/COL6', '/ROW0'}): ['SW7'], frozenset({'/COL5', '/ROW0'}): ['SW6'], frozenset({'/COL4', '/ROW0'}): ['SW5'], frozenset({'/COL3', '/ROW0'}): ['SW4'], frozenset({'/ROW0', '/COL2'}): ['SW3'], frozenset({'/COL1', '/ROW0'}): ['SW2'], frozenset({'/COL0', '/ROW0'}): ['SW1']})
[key_placer.py:121]: Diodes by switch: {'SW27': ['D44'], 'SW19': ['D43'], 'SW10': ['D42'], 'SW1': ['D41'], 'SW28': ['D39'], 'SW20': ['D38'], 'SW11': ['D37'], 'SW2': ['D36'], 'SW36': ['D35'], 'SW29': ['D34'], 'SW21': ['D33'], 'SW12': ['D32'], 'SW3': ['D31'], 'SW37': ['D30'], 'SW30': ['D29'], 'SW22': ['D28'], 'SW13': ['D27'], 'SW4': ['D26'], 'SW38': ['D25'], 'SW31': ['D24'], 'SW23': ['D23'], 'SW14': ['D22'], 'SW5': ['D21'], 'SW32': ['D19'], 'SW24': ['D18'], 'SW15': ['D17'], 'SW6': ['D16'], 'SW39': ['D15'], 'SW25': ['D13'], 'SW16': ['D12'], 'SW7': ['D11'], 'SW40': ['D10'], 'SW33': ['D9'], 'SW35': ['D8'], 'SW17': ['D7'], 'SW8': ['D6'], 'SW41': ['D5'], 'SW34': ['D4'], 'SW26': ['D3'], 'SW18': ['D2'], 'SW9': ['D1']}
[kle_serial.py:885]: User layout: [{'name': 'Quefrency Matrix Mapping', 'css': "@import url(http://fonts.googleapis.com/css?family=Work+Sans);\n.keylabel { font-family: 'Work Sans';}"}, [{'sm': 'cherry'}, '^\n6\n\n\n\n\n\n\n\nA9', '&\n7\n\n\n\n\n\n\n\nA1', '*\n8\n\n\n\n\n\n\n\nA2', '(\n9\n\n\n\n\n\n\n\nA3', ')\n0\n\n\n\n\n\n\n\nA4', '_\n-\n\n\n\n\n\n\n\nA5', '+\n=\n\n\n\n\n\n\n\nA6', {'c': '#36a8d6', 'w': 2}, 'Backspace\n\n\n\n2\n\n\n\n\nA8', {'c': '#cccccc'}, '~\n`\n\n\n\n\n\n\n\nA3'], [{'x': 0.5}, 'Y\n\n\n\n\n\n\n\n\nB1', 'U\n\n\n\n\n\n\n\n\nB2', 'I\n\n\n\n\n\n\n\n\nB3', 'O\n\n\n\n\n\n\n\n\nB4', 'P\n\n\n\n\n\n\n\n\nB5', '{\n[\n\n\n\n\n\n\n\nB6', '}\n]\n\n\n\n\n\n\n\nB7', {'x': 0.25, 'c': '#318db0', 'a': 7, 'w': 1.25, 'h': 2, 'w2': 1.5, 'h2': 1, 'x2': -0.25}, '', {'a': 4}, 'Del\n\n\n\n1\n\n\n\n\nA7'], [{'x': 0.75, 'c': '#cccccc'}, 'H\n\n\n\n\n\n\n\n\nC1', 'J\n\n\n\n\n\n\n\n\nC2', 'K\n\n\n\n\n\n\n\n\nC3', 'L\n\n\n\n\n\n\n\n\nC4', ':\n;\n\n\n\n\n\n\n\nC5', '"\n\'\n\n\n\n\n\n\n\nC6', {'c': '#318db0', 'a': 7}, '', {'x': 1.25, 'c': '#cccccc', 'a': 4}, 'Pg Up\n\n\n\n\n\n\n\n\nC9'], [{'x': 1.25}, 'N\n\n\n\n\n\n\n\n\nD1', 'M\n\n\n\n\n\n\n\n\nD2', '<\n,\n\n\n\n\n\n\n\nD3', '>\n.\n\n\n\n\n\n\n\nD4', {'c': '#1ec93c'}, '?\n/\n\n\n1\n\n\n\n\nD5', {'c': '#2aa84e', 'w': 1.75}, 'Shift\n\n\n\n1.75\n\n\n\n\nDy7', {'c': '#248542'}, 'Up\n\n\n\n1\n\n\n\n\nD8', {'c': '#cccccc'}, 'Pg Dn\n\n\n\n\n\n\n\n\nD9'], [{'x': 1.25, 'c': '#74b9d6', 'w': 2.75}, 'Space\n\n\n\n2.75\n\n\n\n\nE2', {'c': '#92d0d4'}, 'Alt\n\n\n\n1\n\n\n\n\nEx3', {'c': '#41a6ab'}, 'Ctrl\n\n\n\n1\n\n\n\n\nEx4', {'c': '#92d499'}, 'Win\n\n\n\n1\n\n\n\n\nE5', {'c': '#c7d492'}, 'Left\n\n\n\n1\n\n\n\n\nEx7', {'c': '#d49692'}, 'Down\n\n\n\n1\n\n\n\n\nEx8', {'c': '#cccccc'}, 'Right\n\n\n\n\n\n\n\n\nE9']]
[key_placer.py:610]: Layout offset: (28575000, 28575000)
[board_modifier.py:84]: Setting SW1 footprint position: (38100000, 38100000)
[board_modifier.py:84]: Setting SW2 footprint position: (57150000, 38100000)
[board_modifier.py:84]: Setting SW3 footprint position: (76200000, 38100000)
[board_modifier.py:84]: Setting SW4 footprint position: (95250000, 38100000)
[board_modifier.py:84]: Setting SW5 footprint position: (114300000, 38100000)
[board_modifier.py:84]: Setting SW6 footprint position: (133350000, 38100000)
[board_modifier.py:84]: Setting SW7 footprint position: (152400000, 38100000)
[board_modifier.py:84]: Setting SW8 footprint position: (180975000, 38100000)
[board_modifier.py:84]: Setting SW9 footprint position: (209550000, 38100000)
[board_modifier.py:84]: Setting SW10 footprint position: (47625000, 57150000)
[board_modifier.py:84]: Setting SW11 footprint position: (66675000, 57150000)
[board_modifier.py:84]: Setting SW12 footprint position: (85725000, 57150000)
[board_modifier.py:84]: Setting SW13 footprint position: (104775000, 57150000)
[board_modifier.py:84]: Setting SW14 footprint position: (123825000, 57150000)
[board_modifier.py:84]: Setting SW15 footprint position: (142875000, 57150000)
[board_modifier.py:84]: Setting SW16 footprint position: (161925000, 57150000)
[board_modifier.py:84]: Setting SW17 footprint position: (188118750, 66675000)
[board_modifier.py:84]: Setting SW18 footprint position: (209550000, 57150000)
[board_modifier.py:84]: Setting SW19 footprint position: (52387500, 76200000)
[board_modifier.py:84]: Setting SW20 footprint position: (71437500, 76200000)
[board_modifier.py:84]: Setting SW21 footprint position: (90487500, 76200000)
[board_modifier.py:84]: Setting SW22 footprint position: (109537500, 76200000)
[board_modifier.py:84]: Setting SW23 footprint position: (128587500, 76200000)
[board_modifier.py:84]: Setting SW24 footprint position: (147637500, 76200000)
[board_modifier.py:84]: Setting SW25 footprint position: (166687500, 76200000)
[board_modifier.py:84]: Setting SW26 footprint position: (209550000, 76200000)
[board_modifier.py:84]: Setting SW27 footprint position: (61912500, 95250000)
[board_modifier.py:84]: Setting SW28 footprint position: (80962500, 95250000)
[board_modifier.py:84]: Setting SW29 footprint position: (100012500, 95250000)
[board_modifier.py:84]: Setting SW30 footprint position: (119062500, 95250000)
[board_modifier.py:84]: Setting SW31 footprint position: (138112500, 95250000)
[board_modifier.py:84]: Setting SW32 footprint position: (164306250, 95250000)
[board_modifier.py:84]: Setting SW33 footprint position: (190500000, 95250000)
[board_modifier.py:84]: Setting SW34 footprint position: (209550000, 95250000)
[board_modifier.py:84]: Setting SW35 footprint position: (78581250, 114300000)
[board_modifier.py:84]: Setting SW36 footprint position: (114300000, 114300000)
[board_modifier.py:84]: Setting SW37 footprint position: (133350000, 114300000)
[board_modifier.py:84]: Setting SW38 footprint position: (152400000, 114300000)
[board_modifier.py:84]: Setting SW39 footprint position: (171450000, 114300000)
[board_modifier.py:84]: Setting SW40 footprint position: (190500000, 114300000)
[board_modifier.py:84]: Setting SW41 footprint position: (209550000, 114300000)
[key_placer.py:955]: Diode info: [ElementInfo(annotation_format='D{}', position_option=<PositionOption.CUSTOM: 'Custom'>, position=ElementPosition(x=5.0, y=5.0, orientation=0.0, side=<Side.FRONT: 'Front'>), template_path='')]
[board_modifier.py:97]: Getting SW1 footprint position: (38100000, 38100000)
[board_modifier.py:84]: Setting D41 footprint position: (33100001, 33100000)
[board_modifier.py:97]: Getting D41 footprint position: (33100001, 33100000)
[board_modifier.py:97]: Getting SW2 footprint position: (57150000, 38100000)
[board_modifier.py:84]: Setting D36 footprint position: (52150001, 33100000)
[board_modifier.py:97]: Getting D36 footprint position: (52150001, 33100000)
[board_modifier.py:97]: Getting SW3 footprint position: (76200000, 38100000)
[board_modifier.py:84]: Setting D31 footprint position: (71200001, 33100000)
[board_modifier.py:97]: Getting D31 footprint position: (71200001, 33100000)
[board_modifier.py:97]: Getting SW4 footprint position: (95250000, 38100000)
[board_modifier.py:84]: Setting D26 footprint position: (90250001, 33100000)
[board_modifier.py:97]: Getting D26 footprint position: (90250001, 33100000)
[board_modifier.py:97]: Getting SW5 footprint position: (114300000, 38100000)
[board_modifier.py:84]: Setting D21 footprint position: (109300001, 33100000)
[board_modifier.py:97]: Getting D21 footprint position: (109300001, 33100000)
[board_modifier.py:97]: Getting SW6 footprint position: (133350000, 38100000)
[board_modifier.py:84]: Setting D16 footprint position: (128350001, 33100000)
[board_modifier.py:97]: Getting D16 footprint position: (128350001, 33100000)
[board_modifier.py:97]: Getting SW7 footprint position: (152400000, 38100000)
[board_modifier.py:84]: Setting D11 footprint position: (147400001, 33100000)
[board_modifier.py:97]: Getting D11 footprint position: (147400001, 33100000)
[board_modifier.py:97]: Getting SW8 footprint position: (180975000, 38100000)
[board_modifier.py:84]: Setting D6 footprint position: (175975001, 33100000)
[board_modifier.py:97]: Getting D6 footprint position: (175975001, 33100000)
[board_modifier.py:97]: Getting SW9 footprint position: (209550000, 38100000)
[board_modifier.py:84]: Setting D1 footprint position: (204550001, 33100000)
[board_modifier.py:97]: Getting D1 footprint position: (204550001, 33100000)
[board_modifier.py:97]: Getting SW10 footprint position: (47625000, 57150000)
[board_modifier.py:84]: Setting D42 footprint position: (42625001, 52150000)
[board_modifier.py:97]: Getting D42 footprint position: (42625001, 52150000)
[board_modifier.py:97]: Getting SW11 footprint position: (66675000, 57150000)
[board_modifier.py:84]: Setting D37 footprint position: (61675001, 52150000)
[board_modifier.py:97]: Getting D37 footprint position: (61675001, 52150000)
[board_modifier.py:97]: Getting SW12 footprint position: (85725000, 57150000)
[board_modifier.py:84]: Setting D32 footprint position: (80725001, 52150000)
[board_modifier.py:97]: Getting D32 footprint position: (80725001, 52150000)
[board_modifier.py:97]: Getting SW13 footprint position: (104775000, 57150000)
[board_modifier.py:84]: Setting D27 footprint position: (99775001, 52150000)
[board_modifier.py:97]: Getting D27 footprint position: (99775001, 52150000)
[board_modifier.py:97]: Getting SW14 footprint position: (123825000, 57150000)
[board_modifier.py:84]: Setting D22 footprint position: (118825001, 52150000)
[board_modifier.py:97]: Getting D22 footprint position: (118825001, 52150000)
[board_modifier.py:97]: Getting SW15 footprint position: (142875000, 57150000)
[board_modifier.py:84]: Setting D17 footprint position: (137875001, 52150000)
[board_modifier.py:97]: Getting D17 footprint position: (137875001, 52150000)
[board_modifier.py:97]: Getting SW16 footprint position: (161925000, 57150000)
[board_modifier.py:84]: Setting D12 footprint position: (156925001, 52150000)
[board_modifier.py:97]: Getting D12 footprint position: (156925001, 52150000)
[board_modifier.py:97]: Getting SW17 footprint position: (188118750, 66675000)
[board_modifier.py:84]: Setting D7 footprint position: (183118751, 61675000)
[board_modifier.py:97]: Getting D7 footprint position: (183118751, 61675000)
[board_modifier.py:97]: Getting SW18 footprint position: (209550000, 57150000)
[board_modifier.py:84]: Setting D2 footprint position: (204550001, 52150000)
[board_modifier.py:97]: Getting D2 footprint position: (204550001, 52150000)
[board_modifier.py:97]: Getting SW19 footprint position: (52387500, 76200000)
[board_modifier.py:84]: Setting D43 footprint position: (47387501, 71200000)
[board_modifier.py:97]: Getting D43 footprint position: (47387501, 71200000)
[board_modifier.py:97]: Getting SW20 footprint position: (71437500, 76200000)
[board_modifier.py:84]: Setting D38 footprint position: (66437501, 71200000)
[board_modifier.py:97]: Getting D38 footprint position: (66437501, 71200000)
[board_modifier.py:97]: Getting SW21 footprint position: (90487500, 76200000)
[board_modifier.py:84]: Setting D33 footprint position: (85487501, 71200000)
[board_modifier.py:97]: Getting D33 footprint position: (85487501, 71200000)
[board_modifier.py:97]: Getting SW22 footprint position: (109537500, 76200000)
[board_modifier.py:84]: Setting D28 footprint position: (104537501, 71200000)
[board_modifier.py:97]: Getting D28 footprint position: (104537501, 71200000)
[board_modifier.py:97]: Getting SW23 footprint position: (128587500, 76200000)
[board_modifier.py:84]: Setting D23 footprint position: (123587501, 71200000)
[board_modifier.py:97]: Getting D23 footprint position: (123587501, 71200000)
[board_modifier.py:97]: Getting SW24 footprint position: (147637500, 76200000)
[board_modifier.py:84]: Setting D18 footprint position: (142637501, 71200000)
[board_modifier.py:97]: Getting D18 footprint position: (142637501, 71200000)
[board_modifier.py:97]: Getting SW25 footprint position: (166687500, 76200000)
[board_modifier.py:84]: Setting D13 footprint position: (161687501, 71200000)
[board_modifier.py:97]: Getting D13 footprint position: (161687501, 71200000)
[board_modifier.py:97]: Getting SW26 footprint position: (209550000, 76200000)
[board_modifier.py:84]: Setting D3 footprint position: (204550001, 71200000)
[board_modifier.py:97]: Getting D3 footprint position: (204550001, 71200000)
[board_modifier.py:97]: Getting SW27 footprint position: (61912500, 95250000)
[board_modifier.py:84]: Setting D44 footprint position: (56912501, 90250000)
[board_modifier.py:97]: Getting D44 footprint position: (56912501, 90250000)
[board_modifier.py:97]: Getting SW28 footprint position: (80962500, 95250000)
[board_modifier.py:84]: Setting D39 footprint position: (75962501, 90250000)
[board_modifier.py:97]: Getting D39 footprint position: (75962501, 90250000)
[board_modifier.py:97]: Getting SW29 footprint position: (100012500, 95250000)
[board_modifier.py:84]: Setting D34 footprint position: (95012501, 90250000)
[board_modifier.py:97]: Getting D34 footprint position: (95012501, 90250000)
[board_modifier.py:97]: Getting SW30 footprint position: (119062500, 95250000)
[board_modifier.py:84]: Setting D29 footprint position: (114062501, 90250000)
[board_modifier.py:97]: Getting D29 footprint position: (114062501, 90250000)
[board_modifier.py:97]: Getting SW31 footprint position: (138112500, 95250000)
[board_modifier.py:84]: Setting D24 footprint position: (133112501, 90250000)
[board_modifier.py:97]: Getting D24 footprint position: (133112501, 90250000)
[board_modifier.py:97]: Getting SW32 footprint position: (164306250, 95250000)
[board_modifier.py:84]: Setting D19 footprint position: (159306251, 90250000)
[board_modifier.py:97]: Getting D19 footprint position: (159306251, 90250000)
[board_modifier.py:97]: Getting SW33 footprint position: (190500000, 95250000)
[board_modifier.py:84]: Setting D9 footprint position: (185500001, 90250000)
[board_modifier.py:97]: Getting D9 footprint position: (185500001, 90250000)
[board_modifier.py:97]: Getting SW34 footprint position: (209550000, 95250000)
[board_modifier.py:84]: Setting D4 footprint position: (204550001, 90250000)
[board_modifier.py:97]: Getting D4 footprint position: (204550001, 90250000)
[board_modifier.py:97]: Getting SW35 footprint position: (78581250, 114300000)
[board_modifier.py:84]: Setting D8 footprint position: (73581251, 109300000)
[board_modifier.py:97]: Getting D8 footprint position: (73581251, 109300000)
[board_modifier.py:97]: Getting SW36 footprint position: (114300000, 114300000)
[board_modifier.py:84]: Setting D35 footprint position: (109300001, 109300000)
[board_modifier.py:97]: Getting D35 footprint position: (109300001, 109300000)
[board_modifier.py:97]: Getting SW37 footprint position: (133350000, 114300000)
[board_modifier.py:84]: Setting D30 footprint position: (128350001, 109300000)
[board_modifier.py:97]: Getting D30 footprint position: (128350001, 109300000)
[board_modifier.py:97]: Getting SW38 footprint position: (152400000, 114300000)
[board_modifier.py:84]: Setting D25 footprint position: (147400001, 109300000)
[board_modifier.py:97]: Getting D25 footprint position: (147400001, 109300000)
[board_modifier.py:97]: Getting SW39 footprint position: (171450000, 114300000)
[board_modifier.py:84]: Setting D15 footprint position: (166450001, 109300000)
[board_modifier.py:97]: Getting D15 footprint position: (166450001, 109300000)
[board_modifier.py:97]: Getting SW40 footprint position: (190500000, 114300000)
[board_modifier.py:84]: Setting D10 footprint position: (185500001, 109300000)
[board_modifier.py:97]: Getting D10 footprint position: (185500001, 109300000)
[board_modifier.py:97]: Getting SW41 footprint position: (209550000, 114300000)
[board_modifier.py:84]: Setting D5 footprint position: (204550001, 109300000)
[board_modifier.py:97]: Getting D5 footprint position: (204550001, 109300000)
[board_modifier.py:97]: Getting SW-ONOFF-01 footprint position: (175180000, 92350000)
[key_placer.py:695]: Optimizing orientation of SW1 diodes
[board_modifier.py:97]: Getting D41 footprint position: (33100001, 33100000)
[key_placer.py:695]: Optimizing orientation of SW2 diodes
[board_modifier.py:97]: Getting D36 footprint position: (52150001, 33100000)
[key_placer.py:695]: Optimizing orientation of SW3 diodes
[board_modifier.py:97]: Getting D31 footprint position: (71200001, 33100000)
[key_placer.py:695]: Optimizing orientation of SW4 diodes
[board_modifier.py:97]: Getting D26 footprint position: (90250001, 33100000)
[key_placer.py:695]: Optimizing orientation of SW5 diodes
[board_modifier.py:97]: Getting D21 footprint position: (109300001, 33100000)
[key_placer.py:695]: Optimizing orientation of SW6 diodes
[board_modifier.py:97]: Getting D16 footprint position: (128350001, 33100000)
[key_placer.py:695]: Optimizing orientation of SW7 diodes
[board_modifier.py:97]: Getting D11 footprint position: (147400001, 33100000)
[key_placer.py:695]: Optimizing orientation of SW8 diodes
[board_modifier.py:97]: Getting D6 footprint position: (175975001, 33100000)
[key_placer.py:695]: Optimizing orientation of SW9 diodes
[board_modifier.py:97]: Getting D1 footprint position: (204550001, 33100000)
[key_placer.py:695]: Optimizing orientation of SW10 diodes
[board_modifier.py:97]: Getting D42 footprint position: (42625001, 52150000)
[key_placer.py:695]: Optimizing orientation of SW11 diodes
[board_modifier.py:97]: Getting D37 footprint position: (61675001, 52150000)
[key_placer.py:695]: Optimizing orientation of SW12 diodes
[board_modifier.py:97]: Getting D32 footprint position: (80725001, 52150000)
[key_placer.py:695]: Optimizing orientation of SW13 diodes
[board_modifier.py:97]: Getting D27 footprint position: (99775001, 52150000)
[key_placer.py:695]: Optimizing orientation of SW14 diodes
[board_modifier.py:97]: Getting D22 footprint position: (118825001, 52150000)
[key_placer.py:695]: Optimizing orientation of SW15 diodes
[board_modifier.py:97]: Getting D17 footprint position: (137875001, 52150000)
[key_placer.py:695]: Optimizing orientation of SW16 diodes
[board_modifier.py:97]: Getting D12 footprint position: (156925001, 52150000)
[key_placer.py:695]: Optimizing orientation of SW17 diodes
[board_modifier.py:97]: Getting D7 footprint position: (183118751, 61675000)
[key_placer.py:695]: Optimizing orientation of SW18 diodes
[board_modifier.py:97]: Getting D2 footprint position: (204550001, 52150000)
[key_placer.py:695]: Optimizing orientation of SW19 diodes
[board_modifier.py:97]: Getting D43 footprint position: (47387501, 71200000)
[key_placer.py:695]: Optimizing orientation of SW20 diodes
[board_modifier.py:97]: Getting D38 footprint position: (66437501, 71200000)
[key_placer.py:695]: Optimizing orientation of SW21 diodes
[board_modifier.py:97]: Getting D33 footprint position: (85487501, 71200000)
[key_placer.py:695]: Optimizing orientation of SW22 diodes
[board_modifier.py:97]: Getting D28 footprint position: (104537501, 71200000)
[key_placer.py:695]: Optimizing orientation of SW23 diodes
[board_modifier.py:97]: Getting D23 footprint position: (123587501, 71200000)
[key_placer.py:695]: Optimizing orientation of SW24 diodes
[board_modifier.py:97]: Getting D18 footprint position: (142637501, 71200000)
[key_placer.py:695]: Optimizing orientation of SW25 diodes
[board_modifier.py:97]: Getting D13 footprint position: (161687501, 71200000)
[key_placer.py:695]: Optimizing orientation of SW26 diodes
[board_modifier.py:97]: Getting D3 footprint position: (204550001, 71200000)
[key_placer.py:695]: Optimizing orientation of SW27 diodes
[board_modifier.py:97]: Getting D44 footprint position: (56912501, 90250000)
[key_placer.py:695]: Optimizing orientation of SW28 diodes
[board_modifier.py:97]: Getting D39 footprint position: (75962501, 90250000)
[key_placer.py:695]: Optimizing orientation of SW29 diodes
[board_modifier.py:97]: Getting D34 footprint position: (95012501, 90250000)
[key_placer.py:695]: Optimizing orientation of SW30 diodes
[board_modifier.py:97]: Getting D29 footprint position: (114062501, 90250000)
[key_placer.py:695]: Optimizing orientation of SW31 diodes
[board_modifier.py:97]: Getting D24 footprint position: (133112501, 90250000)
[key_placer.py:695]: Optimizing orientation of SW32 diodes
[board_modifier.py:97]: Getting D19 footprint position: (159306251, 90250000)
[key_placer.py:695]: Optimizing orientation of SW33 diodes
[board_modifier.py:97]: Getting D9 footprint position: (185500001, 90250000)
[key_placer.py:695]: Optimizing orientation of SW34 diodes
[board_modifier.py:97]: Getting D4 footprint position: (204550001, 90250000)
[key_placer.py:695]: Optimizing orientation of SW35 diodes
[board_modifier.py:97]: Getting D8 footprint position: (73581251, 109300000)
[key_placer.py:695]: Optimizing orientation of SW36 diodes
[board_modifier.py:97]: Getting D35 footprint position: (109300001, 109300000)
[key_placer.py:695]: Optimizing orientation of SW37 diodes
[board_modifier.py:97]: Getting D30 footprint position: (128350001, 109300000)
[key_placer.py:695]: Optimizing orientation of SW38 diodes
[board_modifier.py:97]: Getting D25 footprint position: (147400001, 109300000)
[key_placer.py:695]: Optimizing orientation of SW39 diodes
[board_modifier.py:97]: Getting D15 footprint position: (166450001, 109300000)
[key_placer.py:695]: Optimizing orientation of SW40 diodes
[board_modifier.py:97]: Getting D10 footprint position: (185500001, 109300000)
[key_placer.py:695]: Optimizing orientation of SW41 diodes
[board_modifier.py:97]: Getting D5 footprint position: (204550001, 109300000)
[key_placer.py:695]: Optimizing orientation of SW-ONOFF-01 diodes
[key_placer.py:723]: Placing additional elements for SW41
[board_modifier.py:97]: Getting SW41 footprint position: (209550000, 114300000)
[board_modifier.py:74]: Searching for optional ST41 footprint in J:\SISK\sisk0.1_right\sisk0.1_right.kicad_pcb
[board_modifier.py:79]: Footprint not found
[key_placer.py:723]: Placing additional elements for SW40
[board_modifier.py:97]: Getting SW40 footprint position: (190500000, 114300000)
[board_modifier.py:74]: Searching for optional ST40 footprint in J:\SISK\sisk0.1_right\sisk0.1_right.kicad_pcb
[board_modifier.py:79]: Footprint not found
[key_placer.py:723]: Placing additional elements for SW39
[board_modifier.py:97]: Getting SW39 footprint position: (171450000, 114300000)
[board_modifier.py:74]: Searching for optional ST39 footprint in J:\SISK\sisk0.1_right\sisk0.1_right.kicad_pcb
[board_modifier.py:79]: Footprint not found
[key_placer.py:723]: Placing additional elements for SW38
[board_modifier.py:97]: Getting SW38 footprint position: (152400000, 114300000)
[board_modifier.py:74]: Searching for optional ST38 footprint in J:\SISK\sisk0.1_right\sisk0.1_right.kicad_pcb
[board_modifier.py:79]: Footprint not found
[key_placer.py:723]: Placing additional elements for SW37
[board_modifier.py:97]: Getting SW37 footprint position: (133350000, 114300000)
[board_modifier.py:74]: Searching for optional ST37 footprint in J:\SISK\sisk0.1_right\sisk0.1_right.kicad_pcb
[board_modifier.py:79]: Footprint not found
[key_placer.py:723]: Placing additional elements for SW36
[board_modifier.py:97]: Getting SW36 footprint position: (114300000, 114300000)
[board_modifier.py:74]: Searching for optional ST36 footprint in J:\SISK\sisk0.1_right\sisk0.1_right.kicad_pcb
[board_modifier.py:79]: Footprint not found
[key_placer.py:723]: Placing additional elements for SW35
[board_modifier.py:97]: Getting SW35 footprint position: (78581250, 114300000)
[board_modifier.py:74]: Searching for optional ST35 footprint in J:\SISK\sisk0.1_right\sisk0.1_right.kicad_pcb
[board_modifier.py:79]: Footprint not found
[key_placer.py:723]: Placing additional elements for SW34
[board_modifier.py:97]: Getting SW34 footprint position: (209550000, 95250000)
[board_modifier.py:74]: Searching for optional ST34 footprint in J:\SISK\sisk0.1_right\sisk0.1_right.kicad_pcb
[board_modifier.py:79]: Footprint not found
[key_placer.py:723]: Placing additional elements for SW33
[board_modifier.py:97]: Getting SW33 footprint position: (190500000, 95250000)
[board_modifier.py:74]: Searching for optional ST33 footprint in J:\SISK\sisk0.1_right\sisk0.1_right.kicad_pcb
[board_modifier.py:79]: Footprint not found
[key_placer.py:723]: Placing additional elements for SW32
[board_modifier.py:97]: Getting SW32 footprint position: (164306250, 95250000)
[board_modifier.py:74]: Searching for optional ST32 footprint in J:\SISK\sisk0.1_right\sisk0.1_right.kicad_pcb
[board_modifier.py:79]: Footprint not found
[key_placer.py:723]: Placing additional elements for SW31
[board_modifier.py:97]: Getting SW31 footprint position: (138112500, 95250000)
[board_modifier.py:74]: Searching for optional ST31 footprint in J:\SISK\sisk0.1_right\sisk0.1_right.kicad_pcb
[board_modifier.py:79]: Footprint not found
[key_placer.py:723]: Placing additional elements for SW30
[board_modifier.py:97]: Getting SW30 footprint position: (119062500, 95250000)
[board_modifier.py:74]: Searching for optional ST30 footprint in J:\SISK\sisk0.1_right\sisk0.1_right.kicad_pcb
[board_modifier.py:79]: Footprint not found
[key_placer.py:723]: Placing additional elements for SW29
[board_modifier.py:97]: Getting SW29 footprint position: (100012500, 95250000)
[board_modifier.py:74]: Searching for optional ST29 footprint in J:\SISK\sisk0.1_right\sisk0.1_right.kicad_pcb
[board_modifier.py:79]: Footprint not found
[key_placer.py:723]: Placing additional elements for SW28
[board_modifier.py:97]: Getting SW28 footprint position: (80962500, 95250000)
[board_modifier.py:74]: Searching for optional ST28 footprint in J:\SISK\sisk0.1_right\sisk0.1_right.kicad_pcb
[board_modifier.py:79]: Footprint not found
[key_placer.py:723]: Placing additional elements for SW27
[board_modifier.py:97]: Getting SW27 footprint position: (61912500, 95250000)
[board_modifier.py:74]: Searching for optional ST27 footprint in J:\SISK\sisk0.1_right\sisk0.1_right.kicad_pcb
[board_modifier.py:79]: Footprint not found
[key_placer.py:723]: Placing additional elements for SW26
[board_modifier.py:97]: Getting SW26 footprint position: (209550000, 76200000)
[board_modifier.py:74]: Searching for optional ST26 footprint in J:\SISK\sisk0.1_right\sisk0.1_right.kicad_pcb
[board_modifier.py:79]: Footprint not found
[key_placer.py:723]: Placing additional elements for SW25
[board_modifier.py:97]: Getting SW25 footprint position: (166687500, 76200000)
[board_modifier.py:74]: Searching for optional ST25 footprint in J:\SISK\sisk0.1_right\sisk0.1_right.kicad_pcb
[board_modifier.py:79]: Footprint not found
[key_placer.py:723]: Placing additional elements for SW24
[board_modifier.py:97]: Getting SW24 footprint position: (147637500, 76200000)
[board_modifier.py:74]: Searching for optional ST24 footprint in J:\SISK\sisk0.1_right\sisk0.1_right.kicad_pcb
[board_modifier.py:79]: Footprint not found
[key_placer.py:723]: Placing additional elements for SW23
[board_modifier.py:97]: Getting SW23 footprint position: (128587500, 76200000)
[board_modifier.py:74]: Searching for optional ST23 footprint in J:\SISK\sisk0.1_right\sisk0.1_right.kicad_pcb
[board_modifier.py:79]: Footprint not found
[key_placer.py:723]: Placing additional elements for SW22
[board_modifier.py:97]: Getting SW22 footprint position: (109537500, 76200000)
[board_modifier.py:74]: Searching for optional ST22 footprint in J:\SISK\sisk0.1_right\sisk0.1_right.kicad_pcb
[board_modifier.py:79]: Footprint not found
[key_placer.py:723]: Placing additional elements for SW21
[board_modifier.py:97]: Getting SW21 footprint position: (90487500, 76200000)
[board_modifier.py:74]: Searching for optional ST21 footprint in J:\SISK\sisk0.1_right\sisk0.1_right.kicad_pcb
[board_modifier.py:79]: Footprint not found
[key_placer.py:723]: Placing additional elements for SW20
[board_modifier.py:97]: Getting SW20 footprint position: (71437500, 76200000)
[board_modifier.py:74]: Searching for optional ST20 footprint in J:\SISK\sisk0.1_right\sisk0.1_right.kicad_pcb
[board_modifier.py:79]: Footprint not found
[key_placer.py:723]: Placing additional elements for SW19
[board_modifier.py:97]: Getting SW19 footprint position: (52387500, 76200000)
[board_modifier.py:74]: Searching for optional ST19 footprint in J:\SISK\sisk0.1_right\sisk0.1_right.kicad_pcb
[board_modifier.py:79]: Footprint not found
[key_placer.py:723]: Placing additional elements for SW18
[board_modifier.py:97]: Getting SW18 footprint position: (209550000, 57150000)
[board_modifier.py:74]: Searching for optional ST18 footprint in J:\SISK\sisk0.1_right\sisk0.1_right.kicad_pcb
[board_modifier.py:79]: Footprint not found
[key_placer.py:723]: Placing additional elements for SW17
[board_modifier.py:97]: Getting SW17 footprint position: (188118750, 66675000)
[board_modifier.py:74]: Searching for optional ST17 footprint in J:\SISK\sisk0.1_right\sisk0.1_right.kicad_pcb
[board_modifier.py:79]: Footprint not found
[key_placer.py:723]: Placing additional elements for SW16
[board_modifier.py:97]: Getting SW16 footprint position: (161925000, 57150000)
[board_modifier.py:74]: Searching for optional ST16 footprint in J:\SISK\sisk0.1_right\sisk0.1_right.kicad_pcb
[board_modifier.py:79]: Footprint not found
[key_placer.py:723]: Placing additional elements for SW15
[board_modifier.py:97]: Getting SW15 footprint position: (142875000, 57150000)
[board_modifier.py:74]: Searching for optional ST15 footprint in J:\SISK\sisk0.1_right\sisk0.1_right.kicad_pcb
[board_modifier.py:79]: Footprint not found
[key_placer.py:723]: Placing additional elements for SW14
[board_modifier.py:97]: Getting SW14 footprint position: (123825000, 57150000)
[board_modifier.py:74]: Searching for optional ST14 footprint in J:\SISK\sisk0.1_right\sisk0.1_right.kicad_pcb
[board_modifier.py:79]: Footprint not found
[key_placer.py:723]: Placing additional elements for SW13
[board_modifier.py:97]: Getting SW13 footprint position: (104775000, 57150000)
[board_modifier.py:74]: Searching for optional ST13 footprint in J:\SISK\sisk0.1_right\sisk0.1_right.kicad_pcb
[board_modifier.py:79]: Footprint not found
[key_placer.py:723]: Placing additional elements for SW12
[board_modifier.py:97]: Getting SW12 footprint position: (85725000, 57150000)
[board_modifier.py:74]: Searching for optional ST12 footprint in J:\SISK\sisk0.1_right\sisk0.1_right.kicad_pcb
[board_modifier.py:79]: Footprint not found
[key_placer.py:723]: Placing additional elements for SW11
[board_modifier.py:97]: Getting SW11 footprint position: (66675000, 57150000)
[board_modifier.py:74]: Searching for optional ST11 footprint in J:\SISK\sisk0.1_right\sisk0.1_right.kicad_pcb
[board_modifier.py:79]: Footprint not found
[key_placer.py:723]: Placing additional elements for SW10
[board_modifier.py:97]: Getting SW10 footprint position: (47625000, 57150000)
[board_modifier.py:74]: Searching for optional ST10 footprint in J:\SISK\sisk0.1_right\sisk0.1_right.kicad_pcb
[board_modifier.py:79]: Footprint not found
[key_placer.py:723]: Placing additional elements for SW9
[board_modifier.py:97]: Getting SW9 footprint position: (209550000, 38100000)
[board_modifier.py:74]: Searching for optional ST9 footprint in J:\SISK\sisk0.1_right\sisk0.1_right.kicad_pcb
[board_modifier.py:79]: Footprint not found
[key_placer.py:723]: Placing additional elements for SW8
[board_modifier.py:97]: Getting SW8 footprint position: (180975000, 38100000)
[board_modifier.py:74]: Searching for optional ST8 footprint in J:\SISK\sisk0.1_right\sisk0.1_right.kicad_pcb
[board_modifier.py:79]: Footprint not found
[key_placer.py:723]: Placing additional elements for SW7
[board_modifier.py:97]: Getting SW7 footprint position: (152400000, 38100000)
[board_modifier.py:74]: Searching for optional ST7 footprint in J:\SISK\sisk0.1_right\sisk0.1_right.kicad_pcb
[board_modifier.py:79]: Footprint not found
[key_placer.py:723]: Placing additional elements for SW6
[board_modifier.py:97]: Getting SW6 footprint position: (133350000, 38100000)
[board_modifier.py:74]: Searching for optional ST6 footprint in J:\SISK\sisk0.1_right\sisk0.1_right.kicad_pcb
[board_modifier.py:79]: Footprint not found
[key_placer.py:723]: Placing additional elements for SW5
[board_modifier.py:97]: Getting SW5 footprint position: (114300000, 38100000)
[board_modifier.py:74]: Searching for optional ST5 footprint in J:\SISK\sisk0.1_right\sisk0.1_right.kicad_pcb
[board_modifier.py:79]: Footprint not found
[key_placer.py:723]: Placing additional elements for SW4
[board_modifier.py:97]: Getting SW4 footprint position: (95250000, 38100000)
[board_modifier.py:74]: Searching for optional ST4 footprint in J:\SISK\sisk0.1_right\sisk0.1_right.kicad_pcb
[board_modifier.py:79]: Footprint not found
[key_placer.py:723]: Placing additional elements for SW3
[board_modifier.py:97]: Getting SW3 footprint position: (76200000, 38100000)
[board_modifier.py:74]: Searching for optional ST3 footprint in J:\SISK\sisk0.1_right\sisk0.1_right.kicad_pcb
[board_modifier.py:79]: Footprint not found
[key_placer.py:723]: Placing additional elements for SW2
[board_modifier.py:97]: Getting SW2 footprint position: (57150000, 38100000)
[board_modifier.py:74]: Searching for optional ST2 footprint in J:\SISK\sisk0.1_right\sisk0.1_right.kicad_pcb
[board_modifier.py:79]: Footprint not found
[key_placer.py:723]: Placing additional elements for SW1
[board_modifier.py:97]: Getting SW1 footprint position: (38100000, 38100000)
[board_modifier.py:74]: Searching for optional ST1 footprint in J:\SISK\sisk0.1_right\sisk0.1_right.kicad_pcb
[board_modifier.py:79]: Footprint not found
[key_placer.py:723]: Placing additional elements for SW-ONOFF-01
[board_modifier.py:97]: Getting SW-ONOFF-01 footprint position: (175180000, 92350000)
[board_modifier.py:74]: Searching for optional ST-ONOFF-01 footprint in J:\SISK\sisk0.1_right\sisk0.1_right.kicad_pcb
[board_modifier.py:79]: Footprint not found
[key_placer.py:372]: Routing SW41 with D5
[key_placer.py:374]: Using internal autorouter method
[board_modifier.py:434]: Could not route pads, no common layers found
[key_placer.py:372]: Routing SW40 with D10
[key_placer.py:374]: Using internal autorouter method
[board_modifier.py:434]: Could not route pads, no common layers found
[key_placer.py:372]: Routing SW39 with D15
[key_placer.py:374]: Using internal autorouter method
[board_modifier.py:434]: Could not route pads, no common layers found
[key_placer.py:372]: Routing SW38 with D25
[key_placer.py:374]: Using internal autorouter method
[board_modifier.py:434]: Could not route pads, no common layers found
[key_placer.py:372]: Routing SW37 with D30
[key_placer.py:374]: Using internal autorouter method
[board_modifier.py:434]: Could not route pads, no common layers found
[key_placer.py:372]: Routing SW36 with D35
[key_placer.py:374]: Using internal autorouter method
[board_modifier.py:434]: Could not route pads, no common layers found
[key_placer.py:372]: Routing SW35 with D8
[key_placer.py:374]: Using internal autorouter method
[board_modifier.py:434]: Could not route pads, no common layers found
[key_placer.py:372]: Routing SW34 with D4
[key_placer.py:374]: Using internal autorouter method
[board_modifier.py:434]: Could not route pads, no common layers found
[key_placer.py:372]: Routing SW33 with D9
[key_placer.py:374]: Using internal autorouter method
[board_modifier.py:434]: Could not route pads, no common layers found
[key_placer.py:372]: Routing SW32 with D19
[key_placer.py:374]: Using internal autorouter method
[board_modifier.py:434]: Could not route pads, no common layers found
[key_placer.py:372]: Routing SW31 with D24
[key_placer.py:374]: Using internal autorouter method
[board_modifier.py:434]: Could not route pads, no common layers found
[key_placer.py:372]: Routing SW30 with D29
[key_placer.py:374]: Using internal autorouter method
[board_modifier.py:434]: Could not route pads, no common layers found
[key_placer.py:372]: Routing SW29 with D34
[key_placer.py:374]: Using internal autorouter method
[board_modifier.py:434]: Could not route pads, no common layers found
[key_placer.py:372]: Routing SW28 with D39
[key_placer.py:374]: Using internal autorouter method
[board_modifier.py:434]: Could not route pads, no common layers found
[key_placer.py:372]: Routing SW27 with D44
[key_placer.py:374]: Using internal autorouter method
[board_modifier.py:434]: Could not route pads, no common layers found
[key_placer.py:372]: Routing SW26 with D3
[key_placer.py:374]: Using internal autorouter method
[board_modifier.py:434]: Could not route pads, no common layers found
[key_placer.py:372]: Routing SW25 with D13
[key_placer.py:374]: Using internal autorouter method
[board_modifier.py:434]: Could not route pads, no common layers found
[key_placer.py:372]: Routing SW24 with D18
[key_placer.py:374]: Using internal autorouter method
[board_modifier.py:434]: Could not route pads, no common layers found
[key_placer.py:372]: Routing SW23 with D23
[key_placer.py:374]: Using internal autorouter method
[board_modifier.py:434]: Could not route pads, no common layers found
[key_placer.py:372]: Routing SW22 with D28
[key_placer.py:374]: Using internal autorouter method
[board_modifier.py:434]: Could not route pads, no common layers found
[key_placer.py:372]: Routing SW21 with D33
[key_placer.py:374]: Using internal autorouter method
[board_modifier.py:434]: Could not route pads, no common layers found
[key_placer.py:372]: Routing SW20 with D38
[key_placer.py:374]: Using internal autorouter method
[board_modifier.py:434]: Could not route pads, no common layers found
[key_placer.py:372]: Routing SW19 with D43
[key_placer.py:374]: Using internal autorouter method
[board_modifier.py:434]: Could not route pads, no common layers found
[key_placer.py:372]: Routing SW18 with D2
[key_placer.py:374]: Using internal autorouter method
[board_modifier.py:434]: Could not route pads, no common layers found
[key_placer.py:372]: Routing SW17 with D7
[key_placer.py:374]: Using internal autorouter method
[board_modifier.py:434]: Could not route pads, no common layers found
[key_placer.py:372]: Routing SW16 with D12
[key_placer.py:374]: Using internal autorouter method
[board_modifier.py:434]: Could not route pads, no common layers found
[key_placer.py:372]: Routing SW15 with D17
[key_placer.py:374]: Using internal autorouter method
[board_modifier.py:434]: Could not route pads, no common layers found
[key_placer.py:372]: Routing SW14 with D22
[key_placer.py:374]: Using internal autorouter method
[board_modifier.py:434]: Could not route pads, no common layers found
[key_placer.py:372]: Routing SW13 with D27
[key_placer.py:374]: Using internal autorouter method
[board_modifier.py:434]: Could not route pads, no common layers found
[key_placer.py:372]: Routing SW12 with D32
[key_placer.py:374]: Using internal autorouter method
[board_modifier.py:434]: Could not route pads, no common layers found
[key_placer.py:372]: Routing SW11 with D37
[key_placer.py:374]: Using internal autorouter method
[board_modifier.py:434]: Could not route pads, no common layers found
[key_placer.py:372]: Routing SW10 with D42
[key_placer.py:374]: Using internal autorouter method
[board_modifier.py:434]: Could not route pads, no common layers found
[key_placer.py:372]: Routing SW9 with D1
[key_placer.py:374]: Using internal autorouter method
[board_modifier.py:434]: Could not route pads, no common layers found
[key_placer.py:372]: Routing SW8 with D6
[key_placer.py:374]: Using internal autorouter method
[board_modifier.py:434]: Could not route pads, no common layers found
[key_placer.py:372]: Routing SW7 with D11
[key_placer.py:374]: Using internal autorouter method
[board_modifier.py:434]: Could not route pads, no common layers found
[key_placer.py:372]: Routing SW6 with D16
[key_placer.py:374]: Using internal autorouter method
[board_modifier.py:434]: Could not route pads, no common layers found
[key_placer.py:372]: Routing SW5 with D21
[key_placer.py:374]: Using internal autorouter method
[board_modifier.py:434]: Could not route pads, no common layers found
[key_placer.py:372]: Routing SW4 with D26
[key_placer.py:374]: Using internal autorouter method
[board_modifier.py:434]: Could not route pads, no common layers found
[key_placer.py:372]: Routing SW3 with D31
[key_placer.py:374]: Using internal autorouter method
[board_modifier.py:434]: Could not route pads, no common layers found
[key_placer.py:372]: Routing SW2 with D36
[key_placer.py:374]: Using internal autorouter method
[board_modifier.py:434]: Could not route pads, no common layers found
[key_placer.py:372]: Routing SW1 with D41
[key_placer.py:374]: Using internal autorouter method
[board_modifier.py:434]: Could not route pads, no common layers found
[key_placer.py:406]: Removing dangling tracks
[edge_generator.py:126]: Running board edge generation around selected footprints
