[kbplacer_plugin_action.py:63]: Plugin version: 0.11
[kbplacer_plugin_action.py:64]: Python version: '3.11.5 (main, Aug 14 2024, 05:26:19) [MSC v.1939 64 bit (AMD64)]'
[kbplacer_plugin_action.py:65]: KiCad version: 8.0.5 with 4.2.0 msw (phoenix) wxWidgets 3.2.5
[kbplacer_dialog.py:585]: Language: en
[kbplacer_plugin_action.py:76]: GUI state: {"layout_path": "Z:\\SISK\\KLE-left-mapping.json", "key_distance": [19.05, 19.05], "key_info": {"annotation_format": "SW{}", "position_option": "Default", "position": {"x": 0.0, "y": 0.0, "orientation": 180.0, "side": "Back"}, "template_path": ""}, "enable_diode_placement": true, "route_switches_with_diodes": true, "optimize_diodes_orientation": true, "diode_info": {"annotation_format": "D{}", "position_option": "Custom", "position": {"x": 5.0, "y": 9.0, "orientation": 90.0, "side": "Back"}, "template_path": ""}, "additional_elements": [{"annotation_format": "ST{}", "position_option": "Custom", "position": {"x": 0.0, "y": 0.0, "orientation": 0.0, "side": "Back"}, "template_path": ""}], "route_rows_and_columns": false, "template_path": "", "generate_outline": true, "outline_delta": 2.0}
[key_placer.py:310]: Set key 1U distance: 19050000/19050000
[key_placer.py:117]: Switches by nets: defaultdict(<class 'list'>, {frozenset({'COL4', 'ROW4'}): ['SW30'], frozenset({'ROW4', 'COL3'}): ['SW29'], frozenset({'COL2', 'ROW4'}): ['SW28'], frozenset({'COL1', 'ROW4'}): ['SW27'], frozenset({'ROW4', 'COL0'}): ['SW26'], frozenset({'COL5', 'ROW4'}): ['SW25'], frozenset({'COL5', 'ROW3'}): ['SW24'], frozenset({'COL4', 'ROW3'}): ['SW23'], frozenset({'ROW3', 'COL3'}): ['SW22'], frozenset({'COL2', 'ROW3'}): ['SW21'], frozenset({'COL1', 'ROW3'}): ['SW20'], frozenset({'ROW3', 'COL0'}): ['SW19'], frozenset({'COL5', 'ROW2'}): ['SW18'], frozenset({'COL4', 'ROW2'}): ['SW17'], frozenset({'ROW2', 'COL3'}): ['SW16'], frozenset({'COL2', 'ROW2'}): ['SW15'], frozenset({'COL1', 'ROW2'}): ['SW14'], frozenset({'ROW2', 'COL0'}): ['SW13'], frozenset({'COL5', 'ROW1'}): ['SW12'], frozenset({'COL4', 'ROW1'}): ['SW11'], frozenset({'ROW1', 'COL3'}): ['SW10'], frozenset({'COL2', 'ROW1'}): ['SW9'], frozenset({'COL1', 'ROW1'}): ['SW8'], frozenset({'ROW1', 'COL0'}): ['SW7'], frozenset({'COL5', 'ROW0'}): ['SW6'], frozenset({'COL4', 'ROW0'}): ['SW5'], frozenset({'COL3', 'ROW0'}): ['SW4'], frozenset({'COL2', 'ROW0'}): ['SW3'], frozenset({'COL1', 'ROW0'}): ['SW2'], frozenset({'COL0', 'ROW0'}): ['SW1']})
[key_placer.py:121]: Diodes by switch: {'SW25': ['D30'], 'SW30': ['D29'], 'SW29': ['D28'], 'SW28': ['D27'], 'SW27': ['D26'], 'SW26': ['D25'], 'SW24': ['D24'], 'SW23': ['D23'], 'SW22': ['D22'], 'SW21': ['D21'], 'SW20': ['D20'], 'SW19': ['D19'], 'SW18': ['D18'], 'SW17': ['D17'], 'SW16': ['D16'], 'SW15': ['D15'], 'SW14': ['D14'], 'SW13': ['D13'], 'SW12': ['D12'], 'SW11': ['D11'], 'SW10': ['D10'], 'SW9': ['D9'], 'SW8': ['D8'], 'SW7': ['D7'], 'SW6': ['D6'], 'SW5': ['D5'], 'SW4': ['D4'], 'SW3': ['D3'], 'SW2': ['D2'], 'SW1': ['D1']}
[kle_serial.py:885]: User layout: [{'name': 'Quefrency Matrix Mapping', 'css': "@import url(http://fonts.googleapis.com/css?family=Work+Sans);\n.keylabel { font-family: 'Work Sans';}"}, [{'sm': 'cherry'}, 'ESC', '!\n1\n\n\n\n\n\n\n\nA4', '@\n2\n\n\n\n\n\n\n\nA5', '#\n3\n\n\n\n\n\n\n\nA6', '$\n4\n\n\n\n\n\n\n\nA7', '%\n5\n\n\n\n\n\n\n\nA8'], [{'w': 1.5}, 'Tab\n\n\n\n1.5\n\n\n\n\nB3', 'Q\n\n\n\n\n\n\n\n\nB4', 'W\n\n\n\n\n\n\n\n\nB5', 'E\n\n\n\n\n\n\n\n\nB6', 'R\n\n\n\n\n\n\n\n\nB7', 'T\n\n\n\n\n\n\n\n\nB8'], [{'c': '#bd9b6f', 'w': 1.75}, 'Caps Lock\n\n\n\n1.75\n\n\n\n\nC3', {'c': '#cccccc'}, 'A\n\n\n\n\n\n\n\n\nC4', 'S\n\n\n\n\n\n\n\n\nC5', 'D\n\n\n\n\n\n\n\n\nC6', 'F\n\n\n\n\n\n\n\n\nC7', 'G\n\n\n\n\n\n\n\n\nC8'], [{'c': '#318db0', 'a': 7, 'w': 1.25}, '', '', {'c': '#cccccc', 'a': 4}, 'Z\n\n\n\n\n\n\n\n\nD5', 'X\n\n\n\n\n\n\n\n\nD6', 'C\n\n\n\n\n\n\n\n\nD7', 'V\n\n\n\n\n\n\n\n\nD8', 'B\n\n\n\n\n\n\n\n\nD9'], [{'c': '#b18bf0', 'w': 1.25}, 'Ctrl\n\n\n\n1.25\n\n\n\n\nE3', {'c': '#9d6ee0', 'w': 1.25}, 'Win\n\n\n\n1.25\n\n\n\n\nE4', {'c': '#919feb', 'w': 1.25}, 'Alt\n\n\n\n1.25\n\n\n\n\nE5', {'c': '#64a3de', 'w': 1.25}, 'Fn\n\n\n\n1.25\n\n\n\n\nE6', {'c': '#246fb5', 'w': 2.25}, 'Space\n\n\n\n2.25\n\n\n\n\nE8']]
[key_placer.py:610]: Layout offset: (28575000, 28575000)
[board_modifier.py:84]: Setting SW1 footprint position: (38100000, 38100000)
[board_modifier.py:84]: Setting SW2 footprint position: (57150000, 38100000)
[board_modifier.py:84]: Setting SW3 footprint position: (76200000, 38100000)
[board_modifier.py:84]: Setting SW4 footprint position: (95250000, 38100000)
[board_modifier.py:84]: Setting SW5 footprint position: (114300000, 38100000)
[board_modifier.py:84]: Setting SW6 footprint position: (133350000, 38100000)
[board_modifier.py:84]: Setting SW7 footprint position: (42862500, 57150000)
[board_modifier.py:84]: Setting SW8 footprint position: (66675000, 57150000)
[board_modifier.py:84]: Setting SW9 footprint position: (85725000, 57150000)
[board_modifier.py:84]: Setting SW10 footprint position: (104775000, 57150000)
[board_modifier.py:84]: Setting SW11 footprint position: (123825000, 57150000)
[board_modifier.py:84]: Setting SW12 footprint position: (142875000, 57150000)
[board_modifier.py:84]: Setting SW13 footprint position: (45243750, 76200000)
[board_modifier.py:84]: Setting SW14 footprint position: (71437500, 76200000)
[board_modifier.py:84]: Setting SW15 footprint position: (90487500, 76200000)
[board_modifier.py:84]: Setting SW16 footprint position: (109537500, 76200000)
[board_modifier.py:84]: Setting SW17 footprint position: (128587500, 76200000)
[board_modifier.py:84]: Setting SW18 footprint position: (147637500, 76200000)
[board_modifier.py:84]: Setting SW19 footprint position: (40481250, 95250000)
[board_modifier.py:84]: Setting SW20 footprint position: (61912500, 95250000)
[board_modifier.py:84]: Setting SW21 footprint position: (80962500, 95250000)
[board_modifier.py:84]: Setting SW22 footprint position: (100012500, 95250000)
[board_modifier.py:84]: Setting SW23 footprint position: (119062500, 95250000)
[board_modifier.py:84]: Setting SW24 footprint position: (138112500, 95250000)
[board_modifier.py:84]: Setting SW25 footprint position: (157162500, 95250000)
[board_modifier.py:84]: Setting SW26 footprint position: (40481250, 114300000)
[board_modifier.py:84]: Setting SW27 footprint position: (64293750, 114300000)
[board_modifier.py:84]: Setting SW28 footprint position: (88106250, 114300000)
[board_modifier.py:84]: Setting SW29 footprint position: (111918750, 114300000)
[board_modifier.py:84]: Setting SW30 footprint position: (145256250, 114300000)
[key_placer.py:955]: Diode info: [ElementInfo(annotation_format='D{}', position_option=<PositionOption.CUSTOM: 'Custom'>, position=ElementPosition(x=5.0, y=9.0, orientation=90.0, side=<Side.BACK: 'Back'>), template_path='')]
[board_modifier.py:97]: Getting SW1 footprint position: (38100000, 38100000)
[board_modifier.py:84]: Setting D1 footprint position: (33100001, 29100000)
[board_modifier.py:97]: Getting D1 footprint position: (33100001, 29100000)
[board_modifier.py:97]: Getting SW2 footprint position: (57150000, 38100000)
[board_modifier.py:84]: Setting D2 footprint position: (52150001, 29100000)
[board_modifier.py:97]: Getting D2 footprint position: (52150001, 29100000)
[board_modifier.py:97]: Getting SW3 footprint position: (76200000, 38100000)
[board_modifier.py:84]: Setting D3 footprint position: (71200001, 29100000)
[board_modifier.py:97]: Getting D3 footprint position: (71200001, 29100000)
[board_modifier.py:97]: Getting SW4 footprint position: (95250000, 38100000)
[board_modifier.py:84]: Setting D4 footprint position: (90250001, 29100000)
[board_modifier.py:97]: Getting D4 footprint position: (90250001, 29100000)
[board_modifier.py:97]: Getting SW5 footprint position: (114300000, 38100000)
[board_modifier.py:84]: Setting D5 footprint position: (109300001, 29100000)
[board_modifier.py:97]: Getting D5 footprint position: (109300001, 29100000)
[board_modifier.py:97]: Getting SW6 footprint position: (133350000, 38100000)
[board_modifier.py:84]: Setting D6 footprint position: (128350001, 29100000)
[board_modifier.py:97]: Getting D6 footprint position: (128350001, 29100000)
[board_modifier.py:97]: Getting SW7 footprint position: (42862500, 57150000)
[board_modifier.py:84]: Setting D7 footprint position: (37862501, 48150000)
[board_modifier.py:97]: Getting D7 footprint position: (37862501, 48150000)
[board_modifier.py:97]: Getting SW8 footprint position: (66675000, 57150000)
[board_modifier.py:84]: Setting D8 footprint position: (61675001, 48150000)
[board_modifier.py:97]: Getting D8 footprint position: (61675001, 48150000)
[board_modifier.py:97]: Getting SW9 footprint position: (85725000, 57150000)
[board_modifier.py:84]: Setting D9 footprint position: (80725001, 48150000)
[board_modifier.py:97]: Getting D9 footprint position: (80725001, 48150000)
[board_modifier.py:97]: Getting SW10 footprint position: (104775000, 57150000)
[board_modifier.py:84]: Setting D10 footprint position: (99775001, 48150000)
[board_modifier.py:97]: Getting D10 footprint position: (99775001, 48150000)
[board_modifier.py:97]: Getting SW11 footprint position: (123825000, 57150000)
[board_modifier.py:84]: Setting D11 footprint position: (118825001, 48150000)
[board_modifier.py:97]: Getting D11 footprint position: (118825001, 48150000)
[board_modifier.py:97]: Getting SW12 footprint position: (142875000, 57150000)
[board_modifier.py:84]: Setting D12 footprint position: (137875001, 48150000)
[board_modifier.py:97]: Getting D12 footprint position: (137875001, 48150000)
[board_modifier.py:97]: Getting SW13 footprint position: (45243750, 76200000)
[board_modifier.py:84]: Setting D13 footprint position: (40243751, 67200000)
[board_modifier.py:97]: Getting D13 footprint position: (40243751, 67200000)
[board_modifier.py:97]: Getting SW14 footprint position: (71437500, 76200000)
[board_modifier.py:84]: Setting D14 footprint position: (66437501, 67200000)
[board_modifier.py:97]: Getting D14 footprint position: (66437501, 67200000)
[board_modifier.py:97]: Getting SW15 footprint position: (90487500, 76200000)
[board_modifier.py:84]: Setting D15 footprint position: (85487501, 67200000)
[board_modifier.py:97]: Getting D15 footprint position: (85487501, 67200000)
[board_modifier.py:97]: Getting SW16 footprint position: (109537500, 76200000)
[board_modifier.py:84]: Setting D16 footprint position: (104537501, 67200000)
[board_modifier.py:97]: Getting D16 footprint position: (104537501, 67200000)
[board_modifier.py:97]: Getting SW17 footprint position: (128587500, 76200000)
[board_modifier.py:84]: Setting D17 footprint position: (123587501, 67200000)
[board_modifier.py:97]: Getting D17 footprint position: (123587501, 67200000)
[board_modifier.py:97]: Getting SW18 footprint position: (147637500, 76200000)
[board_modifier.py:84]: Setting D18 footprint position: (142637501, 67200000)
[board_modifier.py:97]: Getting D18 footprint position: (142637501, 67200000)
[board_modifier.py:97]: Getting SW19 footprint position: (40481250, 95250000)
[board_modifier.py:84]: Setting D19 footprint position: (35481251, 86250000)
[board_modifier.py:97]: Getting D19 footprint position: (35481251, 86250000)
[board_modifier.py:97]: Getting SW20 footprint position: (61912500, 95250000)
[board_modifier.py:84]: Setting D20 footprint position: (56912501, 86250000)
[board_modifier.py:97]: Getting D20 footprint position: (56912501, 86250000)
[board_modifier.py:97]: Getting SW21 footprint position: (80962500, 95250000)
[board_modifier.py:84]: Setting D21 footprint position: (75962501, 86250000)
[board_modifier.py:97]: Getting D21 footprint position: (75962501, 86250000)
[board_modifier.py:97]: Getting SW22 footprint position: (100012500, 95250000)
[board_modifier.py:84]: Setting D22 footprint position: (95012501, 86250000)
[board_modifier.py:97]: Getting D22 footprint position: (95012501, 86250000)
[board_modifier.py:97]: Getting SW23 footprint position: (119062500, 95250000)
[board_modifier.py:84]: Setting D23 footprint position: (114062501, 86250000)
[board_modifier.py:97]: Getting D23 footprint position: (114062501, 86250000)
[board_modifier.py:97]: Getting SW24 footprint position: (138112500, 95250000)
[board_modifier.py:84]: Setting D24 footprint position: (133112501, 86250000)
[board_modifier.py:97]: Getting D24 footprint position: (133112501, 86250000)
[board_modifier.py:97]: Getting SW25 footprint position: (157162500, 95250000)
[board_modifier.py:84]: Setting D30 footprint position: (152162501, 86250000)
[board_modifier.py:97]: Getting D30 footprint position: (152162501, 86250000)
[board_modifier.py:97]: Getting SW26 footprint position: (40481250, 114300000)
[board_modifier.py:84]: Setting D25 footprint position: (35481251, 105300000)
[board_modifier.py:97]: Getting D25 footprint position: (35481251, 105300000)
[board_modifier.py:97]: Getting SW27 footprint position: (64293750, 114300000)
[board_modifier.py:84]: Setting D26 footprint position: (59293751, 105300000)
[board_modifier.py:97]: Getting D26 footprint position: (59293751, 105300000)
[board_modifier.py:97]: Getting SW28 footprint position: (88106250, 114300000)
[board_modifier.py:84]: Setting D27 footprint position: (83106251, 105300000)
[board_modifier.py:97]: Getting D27 footprint position: (83106251, 105300000)
[board_modifier.py:97]: Getting SW29 footprint position: (111918750, 114300000)
[board_modifier.py:84]: Setting D28 footprint position: (106918751, 105300000)
[board_modifier.py:97]: Getting D28 footprint position: (106918751, 105300000)
[board_modifier.py:97]: Getting SW30 footprint position: (145256250, 114300000)
[board_modifier.py:84]: Setting D29 footprint position: (140256251, 105300000)
[board_modifier.py:97]: Getting D29 footprint position: (140256251, 105300000)
[key_placer.py:695]: Optimizing orientation of SW1 diodes
[board_modifier.py:97]: Getting D1 footprint position: (33100001, 29100000)
[key_placer.py:695]: Optimizing orientation of SW2 diodes
[board_modifier.py:97]: Getting D2 footprint position: (52150001, 29100000)
[key_placer.py:695]: Optimizing orientation of SW3 diodes
[board_modifier.py:97]: Getting D3 footprint position: (71200001, 29100000)
[key_placer.py:695]: Optimizing orientation of SW4 diodes
[board_modifier.py:97]: Getting D4 footprint position: (90250001, 29100000)
[key_placer.py:695]: Optimizing orientation of SW5 diodes
[board_modifier.py:97]: Getting D5 footprint position: (109300001, 29100000)
[key_placer.py:695]: Optimizing orientation of SW6 diodes
[board_modifier.py:97]: Getting D6 footprint position: (128350001, 29100000)
[key_placer.py:695]: Optimizing orientation of SW7 diodes
[board_modifier.py:97]: Getting D7 footprint position: (37862501, 48150000)
[key_placer.py:695]: Optimizing orientation of SW8 diodes
[board_modifier.py:97]: Getting D8 footprint position: (61675001, 48150000)
[key_placer.py:695]: Optimizing orientation of SW9 diodes
[board_modifier.py:97]: Getting D9 footprint position: (80725001, 48150000)
[key_placer.py:695]: Optimizing orientation of SW10 diodes
[board_modifier.py:97]: Getting D10 footprint position: (99775001, 48150000)
[key_placer.py:695]: Optimizing orientation of SW11 diodes
[board_modifier.py:97]: Getting D11 footprint position: (118825001, 48150000)
[key_placer.py:695]: Optimizing orientation of SW12 diodes
[board_modifier.py:97]: Getting D12 footprint position: (137875001, 48150000)
[key_placer.py:695]: Optimizing orientation of SW13 diodes
[board_modifier.py:97]: Getting D13 footprint position: (40243751, 67200000)
[key_placer.py:695]: Optimizing orientation of SW14 diodes
[board_modifier.py:97]: Getting D14 footprint position: (66437501, 67200000)
[key_placer.py:695]: Optimizing orientation of SW15 diodes
[board_modifier.py:97]: Getting D15 footprint position: (85487501, 67200000)
[key_placer.py:695]: Optimizing orientation of SW16 diodes
[board_modifier.py:97]: Getting D16 footprint position: (104537501, 67200000)
[key_placer.py:695]: Optimizing orientation of SW17 diodes
[board_modifier.py:97]: Getting D17 footprint position: (123587501, 67200000)
[key_placer.py:695]: Optimizing orientation of SW18 diodes
[board_modifier.py:97]: Getting D18 footprint position: (142637501, 67200000)
[key_placer.py:695]: Optimizing orientation of SW19 diodes
[board_modifier.py:97]: Getting D19 footprint position: (35481251, 86250000)
[key_placer.py:695]: Optimizing orientation of SW20 diodes
[board_modifier.py:97]: Getting D20 footprint position: (56912501, 86250000)
[key_placer.py:695]: Optimizing orientation of SW21 diodes
[board_modifier.py:97]: Getting D21 footprint position: (75962501, 86250000)
[key_placer.py:695]: Optimizing orientation of SW22 diodes
[board_modifier.py:97]: Getting D22 footprint position: (95012501, 86250000)
[key_placer.py:695]: Optimizing orientation of SW23 diodes
[board_modifier.py:97]: Getting D23 footprint position: (114062501, 86250000)
[key_placer.py:695]: Optimizing orientation of SW24 diodes
[board_modifier.py:97]: Getting D24 footprint position: (133112501, 86250000)
[key_placer.py:695]: Optimizing orientation of SW25 diodes
[board_modifier.py:97]: Getting D30 footprint position: (152162501, 86250000)
[key_placer.py:695]: Optimizing orientation of SW26 diodes
[board_modifier.py:97]: Getting D25 footprint position: (35481251, 105300000)
[key_placer.py:695]: Optimizing orientation of SW27 diodes
[board_modifier.py:97]: Getting D26 footprint position: (59293751, 105300000)
[key_placer.py:695]: Optimizing orientation of SW28 diodes
[board_modifier.py:97]: Getting D27 footprint position: (83106251, 105300000)
[key_placer.py:695]: Optimizing orientation of SW29 diodes
[board_modifier.py:97]: Getting D28 footprint position: (106918751, 105300000)
[key_placer.py:695]: Optimizing orientation of SW30 diodes
[board_modifier.py:97]: Getting D29 footprint position: (140256251, 105300000)
[key_placer.py:723]: Placing additional elements for SW30
[board_modifier.py:97]: Getting SW30 footprint position: (145256250, 114300000)
[board_modifier.py:74]: Searching for optional ST30 footprint in Z:\SISK\sisk0.1\sisk0.1.kicad_pcb
[board_modifier.py:79]: Footprint not found
[key_placer.py:723]: Placing additional elements for SW29
[board_modifier.py:97]: Getting SW29 footprint position: (111918750, 114300000)
[board_modifier.py:74]: Searching for optional ST29 footprint in Z:\SISK\sisk0.1\sisk0.1.kicad_pcb
[board_modifier.py:79]: Footprint not found
[key_placer.py:723]: Placing additional elements for SW28
[board_modifier.py:97]: Getting SW28 footprint position: (88106250, 114300000)
[board_modifier.py:74]: Searching for optional ST28 footprint in Z:\SISK\sisk0.1\sisk0.1.kicad_pcb
[board_modifier.py:79]: Footprint not found
[key_placer.py:723]: Placing additional elements for SW27
[board_modifier.py:97]: Getting SW27 footprint position: (64293750, 114300000)
[board_modifier.py:74]: Searching for optional ST27 footprint in Z:\SISK\sisk0.1\sisk0.1.kicad_pcb
[board_modifier.py:79]: Footprint not found
[key_placer.py:723]: Placing additional elements for SW26
[board_modifier.py:97]: Getting SW26 footprint position: (40481250, 114300000)
[board_modifier.py:74]: Searching for optional ST26 footprint in Z:\SISK\sisk0.1\sisk0.1.kicad_pcb
[board_modifier.py:79]: Footprint not found
[key_placer.py:723]: Placing additional elements for SW25
[board_modifier.py:97]: Getting SW25 footprint position: (157162500, 95250000)
[board_modifier.py:74]: Searching for optional ST25 footprint in Z:\SISK\sisk0.1\sisk0.1.kicad_pcb
[board_modifier.py:79]: Footprint not found
[key_placer.py:723]: Placing additional elements for SW24
[board_modifier.py:97]: Getting SW24 footprint position: (138112500, 95250000)
[board_modifier.py:74]: Searching for optional ST24 footprint in Z:\SISK\sisk0.1\sisk0.1.kicad_pcb
[board_modifier.py:79]: Footprint not found
[key_placer.py:723]: Placing additional elements for SW23
[board_modifier.py:97]: Getting SW23 footprint position: (119062500, 95250000)
[board_modifier.py:74]: Searching for optional ST23 footprint in Z:\SISK\sisk0.1\sisk0.1.kicad_pcb
[board_modifier.py:79]: Footprint not found
[key_placer.py:723]: Placing additional elements for SW22
[board_modifier.py:97]: Getting SW22 footprint position: (100012500, 95250000)
[board_modifier.py:74]: Searching for optional ST22 footprint in Z:\SISK\sisk0.1\sisk0.1.kicad_pcb
[board_modifier.py:79]: Footprint not found
[key_placer.py:723]: Placing additional elements for SW21
[board_modifier.py:97]: Getting SW21 footprint position: (80962500, 95250000)
[board_modifier.py:74]: Searching for optional ST21 footprint in Z:\SISK\sisk0.1\sisk0.1.kicad_pcb
[board_modifier.py:79]: Footprint not found
[key_placer.py:723]: Placing additional elements for SW20
[board_modifier.py:97]: Getting SW20 footprint position: (61912500, 95250000)
[board_modifier.py:74]: Searching for optional ST20 footprint in Z:\SISK\sisk0.1\sisk0.1.kicad_pcb
[board_modifier.py:79]: Footprint not found
[key_placer.py:723]: Placing additional elements for SW19
[board_modifier.py:97]: Getting SW19 footprint position: (40481250, 95250000)
[board_modifier.py:74]: Searching for optional ST19 footprint in Z:\SISK\sisk0.1\sisk0.1.kicad_pcb
[board_modifier.py:79]: Footprint not found
[key_placer.py:723]: Placing additional elements for SW18
[board_modifier.py:97]: Getting SW18 footprint position: (147637500, 76200000)
[board_modifier.py:74]: Searching for optional ST18 footprint in Z:\SISK\sisk0.1\sisk0.1.kicad_pcb
[board_modifier.py:79]: Footprint not found
[key_placer.py:723]: Placing additional elements for SW17
[board_modifier.py:97]: Getting SW17 footprint position: (128587500, 76200000)
[board_modifier.py:74]: Searching for optional ST17 footprint in Z:\SISK\sisk0.1\sisk0.1.kicad_pcb
[board_modifier.py:79]: Footprint not found
[key_placer.py:723]: Placing additional elements for SW16
[board_modifier.py:97]: Getting SW16 footprint position: (109537500, 76200000)
[board_modifier.py:74]: Searching for optional ST16 footprint in Z:\SISK\sisk0.1\sisk0.1.kicad_pcb
[board_modifier.py:79]: Footprint not found
[key_placer.py:723]: Placing additional elements for SW15
[board_modifier.py:97]: Getting SW15 footprint position: (90487500, 76200000)
[board_modifier.py:74]: Searching for optional ST15 footprint in Z:\SISK\sisk0.1\sisk0.1.kicad_pcb
[board_modifier.py:79]: Footprint not found
[key_placer.py:723]: Placing additional elements for SW14
[board_modifier.py:97]: Getting SW14 footprint position: (71437500, 76200000)
[board_modifier.py:74]: Searching for optional ST14 footprint in Z:\SISK\sisk0.1\sisk0.1.kicad_pcb
[board_modifier.py:79]: Footprint not found
[key_placer.py:723]: Placing additional elements for SW13
[board_modifier.py:97]: Getting SW13 footprint position: (45243750, 76200000)
[board_modifier.py:74]: Searching for optional ST13 footprint in Z:\SISK\sisk0.1\sisk0.1.kicad_pcb
[board_modifier.py:79]: Footprint not found
[key_placer.py:723]: Placing additional elements for SW12
[board_modifier.py:97]: Getting SW12 footprint position: (142875000, 57150000)
[board_modifier.py:74]: Searching for optional ST12 footprint in Z:\SISK\sisk0.1\sisk0.1.kicad_pcb
[board_modifier.py:79]: Footprint not found
[key_placer.py:723]: Placing additional elements for SW11
[board_modifier.py:97]: Getting SW11 footprint position: (123825000, 57150000)
[board_modifier.py:74]: Searching for optional ST11 footprint in Z:\SISK\sisk0.1\sisk0.1.kicad_pcb
[board_modifier.py:79]: Footprint not found
[key_placer.py:723]: Placing additional elements for SW10
[board_modifier.py:97]: Getting SW10 footprint position: (104775000, 57150000)
[board_modifier.py:74]: Searching for optional ST10 footprint in Z:\SISK\sisk0.1\sisk0.1.kicad_pcb
[board_modifier.py:79]: Footprint not found
[key_placer.py:723]: Placing additional elements for SW9
[board_modifier.py:97]: Getting SW9 footprint position: (85725000, 57150000)
[board_modifier.py:74]: Searching for optional ST9 footprint in Z:\SISK\sisk0.1\sisk0.1.kicad_pcb
[board_modifier.py:79]: Footprint not found
[key_placer.py:723]: Placing additional elements for SW8
[board_modifier.py:97]: Getting SW8 footprint position: (66675000, 57150000)
[board_modifier.py:74]: Searching for optional ST8 footprint in Z:\SISK\sisk0.1\sisk0.1.kicad_pcb
[board_modifier.py:79]: Footprint not found
[key_placer.py:723]: Placing additional elements for SW7
[board_modifier.py:97]: Getting SW7 footprint position: (42862500, 57150000)
[board_modifier.py:74]: Searching for optional ST7 footprint in Z:\SISK\sisk0.1\sisk0.1.kicad_pcb
[board_modifier.py:79]: Footprint not found
[key_placer.py:723]: Placing additional elements for SW6
[board_modifier.py:97]: Getting SW6 footprint position: (133350000, 38100000)
[board_modifier.py:74]: Searching for optional ST6 footprint in Z:\SISK\sisk0.1\sisk0.1.kicad_pcb
[board_modifier.py:79]: Footprint not found
[key_placer.py:723]: Placing additional elements for SW5
[board_modifier.py:97]: Getting SW5 footprint position: (114300000, 38100000)
[board_modifier.py:74]: Searching for optional ST5 footprint in Z:\SISK\sisk0.1\sisk0.1.kicad_pcb
[board_modifier.py:79]: Footprint not found
[key_placer.py:723]: Placing additional elements for SW4
[board_modifier.py:97]: Getting SW4 footprint position: (95250000, 38100000)
[board_modifier.py:74]: Searching for optional ST4 footprint in Z:\SISK\sisk0.1\sisk0.1.kicad_pcb
[board_modifier.py:79]: Footprint not found
[key_placer.py:723]: Placing additional elements for SW3
[board_modifier.py:97]: Getting SW3 footprint position: (76200000, 38100000)
[board_modifier.py:74]: Searching for optional ST3 footprint in Z:\SISK\sisk0.1\sisk0.1.kicad_pcb
[board_modifier.py:79]: Footprint not found
[key_placer.py:723]: Placing additional elements for SW2
[board_modifier.py:97]: Getting SW2 footprint position: (57150000, 38100000)
[board_modifier.py:74]: Searching for optional ST2 footprint in Z:\SISK\sisk0.1\sisk0.1.kicad_pcb
[board_modifier.py:79]: Footprint not found
[key_placer.py:723]: Placing additional elements for SW1
[board_modifier.py:97]: Getting SW1 footprint position: (38100000, 38100000)
[board_modifier.py:74]: Searching for optional ST1 footprint in Z:\SISK\sisk0.1\sisk0.1.kicad_pcb
[board_modifier.py:79]: Footprint not found
[key_placer.py:372]: Routing SW30 with D29
[key_placer.py:374]: Using internal autorouter method
[board_modifier.py:438]: Routing at B.Cu layer
[board_modifier.py:504]: Routing pad 'SW30:2' at (139301250, 115570000) with pad 'D29:2' at (140256251, 106950000) using coordinate system rotated by 0 degree(s)
[board_modifier.py:367]: Adding track segment (B.Cu): [(139301250, 115570000), (139301250, 107905001)]
[board_modifier.py:375]: Could not add track segment due to detected collision
[board_modifier.py:367]: Adding track segment (B.Cu): [(139301250, 115570000), (140256251, 114614999)]
[board_modifier.py:372]: Track added
[board_modifier.py:367]: Adding track segment (B.Cu): [(140256251, 114614999), (140256251, 106950000)]
[board_modifier.py:375]: Could not add track segment due to detected collision
[key_placer.py:372]: Routing SW29 with D28
[key_placer.py:374]: Using internal autorouter method
[board_modifier.py:438]: Routing at B.Cu layer
[board_modifier.py:504]: Routing pad 'SW29:2' at (105963750, 115570000) with pad 'D28:2' at (106918751, 106950000) using coordinate system rotated by 0 degree(s)
[board_modifier.py:367]: Adding track segment (B.Cu): [(105963750, 115570000), (105963750, 107905001)]
[board_modifier.py:375]: Could not add track segment due to detected collision
[board_modifier.py:367]: Adding track segment (B.Cu): [(105963750, 115570000), (106918751, 114614999)]
[board_modifier.py:372]: Track added
[board_modifier.py:367]: Adding track segment (B.Cu): [(106918751, 114614999), (106918751, 106950000)]
[board_modifier.py:375]: Could not add track segment due to detected collision
[key_placer.py:372]: Routing SW28 with D27
[key_placer.py:374]: Using internal autorouter method
[board_modifier.py:438]: Routing at B.Cu layer
[board_modifier.py:504]: Routing pad 'SW28:2' at (82151250, 115570000) with pad 'D27:2' at (83106251, 106950000) using coordinate system rotated by 0 degree(s)
[board_modifier.py:367]: Adding track segment (B.Cu): [(82151250, 115570000), (82151250, 107905001)]
[board_modifier.py:375]: Could not add track segment due to detected collision
[board_modifier.py:367]: Adding track segment (B.Cu): [(82151250, 115570000), (83106251, 114614999)]
[board_modifier.py:372]: Track added
[board_modifier.py:367]: Adding track segment (B.Cu): [(83106251, 114614999), (83106251, 106950000)]
[board_modifier.py:375]: Could not add track segment due to detected collision
[key_placer.py:372]: Routing SW27 with D26
[key_placer.py:374]: Using internal autorouter method
[board_modifier.py:438]: Routing at B.Cu layer
[board_modifier.py:504]: Routing pad 'SW27:2' at (58338750, 115570000) with pad 'D26:2' at (59293751, 106950000) using coordinate system rotated by 0 degree(s)
[board_modifier.py:367]: Adding track segment (B.Cu): [(58338750, 115570000), (58338750, 107905001)]
[board_modifier.py:375]: Could not add track segment due to detected collision
[board_modifier.py:367]: Adding track segment (B.Cu): [(58338750, 115570000), (59293751, 114614999)]
[board_modifier.py:372]: Track added
[board_modifier.py:367]: Adding track segment (B.Cu): [(59293751, 114614999), (59293751, 106950000)]
[board_modifier.py:375]: Could not add track segment due to detected collision
[key_placer.py:372]: Routing SW26 with D25
[key_placer.py:374]: Using internal autorouter method
[board_modifier.py:438]: Routing at B.Cu layer
[board_modifier.py:504]: Routing pad 'SW26:2' at (34526250, 115570000) with pad 'D25:2' at (35481251, 106950000) using coordinate system rotated by 0 degree(s)
[board_modifier.py:367]: Adding track segment (B.Cu): [(34526250, 115570000), (34526250, 107905001)]
[board_modifier.py:375]: Could not add track segment due to detected collision
[board_modifier.py:367]: Adding track segment (B.Cu): [(34526250, 115570000), (35481251, 114614999)]
[board_modifier.py:372]: Track added
[board_modifier.py:367]: Adding track segment (B.Cu): [(35481251, 114614999), (35481251, 106950000)]
[board_modifier.py:375]: Could not add track segment due to detected collision
[key_placer.py:372]: Routing SW25 with D30
[key_placer.py:374]: Using internal autorouter method
[board_modifier.py:438]: Routing at B.Cu layer
[board_modifier.py:504]: Routing pad 'SW25:2' at (151207500, 96520000) with pad 'D30:2' at (152162501, 87900000) using coordinate system rotated by 0 degree(s)
[board_modifier.py:367]: Adding track segment (B.Cu): [(151207500, 96520000), (151207500, 88855001)]
[board_modifier.py:375]: Could not add track segment due to detected collision
[board_modifier.py:367]: Adding track segment (B.Cu): [(151207500, 96520000), (152162501, 95564999)]
[board_modifier.py:372]: Track added
[board_modifier.py:367]: Adding track segment (B.Cu): [(152162501, 95564999), (152162501, 87900000)]
[board_modifier.py:375]: Could not add track segment due to detected collision
[key_placer.py:372]: Routing SW24 with D24
[key_placer.py:374]: Using internal autorouter method
[board_modifier.py:438]: Routing at B.Cu layer
[board_modifier.py:504]: Routing pad 'SW24:2' at (132157500, 96520000) with pad 'D24:2' at (133112501, 87900000) using coordinate system rotated by 0 degree(s)
[board_modifier.py:367]: Adding track segment (B.Cu): [(132157500, 96520000), (132157500, 88855001)]
[board_modifier.py:375]: Could not add track segment due to detected collision
[board_modifier.py:367]: Adding track segment (B.Cu): [(132157500, 96520000), (133112501, 95564999)]
[board_modifier.py:372]: Track added
[board_modifier.py:367]: Adding track segment (B.Cu): [(133112501, 95564999), (133112501, 87900000)]
[board_modifier.py:375]: Could not add track segment due to detected collision
[key_placer.py:372]: Routing SW23 with D23
[key_placer.py:374]: Using internal autorouter method
[board_modifier.py:438]: Routing at B.Cu layer
[board_modifier.py:504]: Routing pad 'SW23:2' at (113107500, 96520000) with pad 'D23:2' at (114062501, 87900000) using coordinate system rotated by 0 degree(s)
[board_modifier.py:367]: Adding track segment (B.Cu): [(113107500, 96520000), (113107500, 88855001)]
[board_modifier.py:375]: Could not add track segment due to detected collision
[board_modifier.py:367]: Adding track segment (B.Cu): [(113107500, 96520000), (114062501, 95564999)]
[board_modifier.py:372]: Track added
[board_modifier.py:367]: Adding track segment (B.Cu): [(114062501, 95564999), (114062501, 87900000)]
[board_modifier.py:375]: Could not add track segment due to detected collision
[key_placer.py:372]: Routing SW22 with D22
[key_placer.py:374]: Using internal autorouter method
[board_modifier.py:438]: Routing at B.Cu layer
[board_modifier.py:504]: Routing pad 'SW22:2' at (94057500, 96520000) with pad 'D22:2' at (95012501, 87900000) using coordinate system rotated by 0 degree(s)
[board_modifier.py:367]: Adding track segment (B.Cu): [(94057500, 96520000), (94057500, 88855001)]
[board_modifier.py:375]: Could not add track segment due to detected collision
[board_modifier.py:367]: Adding track segment (B.Cu): [(94057500, 96520000), (95012501, 95564999)]
[board_modifier.py:372]: Track added
[board_modifier.py:367]: Adding track segment (B.Cu): [(95012501, 95564999), (95012501, 87900000)]
[board_modifier.py:375]: Could not add track segment due to detected collision
[key_placer.py:372]: Routing SW21 with D21
[key_placer.py:374]: Using internal autorouter method
[board_modifier.py:438]: Routing at B.Cu layer
[board_modifier.py:504]: Routing pad 'SW21:2' at (75007500, 96520000) with pad 'D21:2' at (75962501, 87900000) using coordinate system rotated by 0 degree(s)
[board_modifier.py:367]: Adding track segment (B.Cu): [(75007500, 96520000), (75007500, 88855001)]
[board_modifier.py:375]: Could not add track segment due to detected collision
[board_modifier.py:367]: Adding track segment (B.Cu): [(75007500, 96520000), (75962501, 95564999)]
[board_modifier.py:372]: Track added
[board_modifier.py:367]: Adding track segment (B.Cu): [(75962501, 95564999), (75962501, 87900000)]
[board_modifier.py:375]: Could not add track segment due to detected collision
[key_placer.py:372]: Routing SW20 with D20
[key_placer.py:374]: Using internal autorouter method
[board_modifier.py:438]: Routing at B.Cu layer
[board_modifier.py:504]: Routing pad 'SW20:2' at (55957500, 96520000) with pad 'D20:2' at (56912501, 87900000) using coordinate system rotated by 0 degree(s)
[board_modifier.py:367]: Adding track segment (B.Cu): [(55957500, 96520000), (55957500, 88855001)]
[board_modifier.py:375]: Could not add track segment due to detected collision
[board_modifier.py:367]: Adding track segment (B.Cu): [(55957500, 96520000), (56912501, 95564999)]
[board_modifier.py:372]: Track added
[board_modifier.py:367]: Adding track segment (B.Cu): [(56912501, 95564999), (56912501, 87900000)]
[board_modifier.py:375]: Could not add track segment due to detected collision
[key_placer.py:372]: Routing SW19 with D19
[key_placer.py:374]: Using internal autorouter method
[board_modifier.py:438]: Routing at B.Cu layer
[board_modifier.py:504]: Routing pad 'SW19:2' at (34526250, 96520000) with pad 'D19:2' at (35481251, 87900000) using coordinate system rotated by 0 degree(s)
[board_modifier.py:367]: Adding track segment (B.Cu): [(34526250, 96520000), (34526250, 88855001)]
[board_modifier.py:375]: Could not add track segment due to detected collision
[board_modifier.py:367]: Adding track segment (B.Cu): [(34526250, 96520000), (35481251, 95564999)]
[board_modifier.py:372]: Track added
[board_modifier.py:367]: Adding track segment (B.Cu): [(35481251, 95564999), (35481251, 87900000)]
[board_modifier.py:375]: Could not add track segment due to detected collision
[key_placer.py:372]: Routing SW18 with D18
[key_placer.py:374]: Using internal autorouter method
[board_modifier.py:438]: Routing at B.Cu layer
[board_modifier.py:504]: Routing pad 'SW18:2' at (141682500, 77470000) with pad 'D18:2' at (142637501, 68850000) using coordinate system rotated by 0 degree(s)
[board_modifier.py:367]: Adding track segment (B.Cu): [(141682500, 77470000), (141682500, 69805001)]
[board_modifier.py:375]: Could not add track segment due to detected collision
[board_modifier.py:367]: Adding track segment (B.Cu): [(141682500, 77470000), (142637501, 76514999)]
[board_modifier.py:372]: Track added
[board_modifier.py:367]: Adding track segment (B.Cu): [(142637501, 76514999), (142637501, 68850000)]
[board_modifier.py:375]: Could not add track segment due to detected collision
[key_placer.py:372]: Routing SW17 with D17
[key_placer.py:374]: Using internal autorouter method
[board_modifier.py:438]: Routing at B.Cu layer
[board_modifier.py:504]: Routing pad 'SW17:2' at (122632500, 77470000) with pad 'D17:2' at (123587501, 68850000) using coordinate system rotated by 0 degree(s)
[board_modifier.py:367]: Adding track segment (B.Cu): [(122632500, 77470000), (122632500, 69805001)]
[board_modifier.py:375]: Could not add track segment due to detected collision
[board_modifier.py:367]: Adding track segment (B.Cu): [(122632500, 77470000), (123587501, 76514999)]
[board_modifier.py:372]: Track added
[board_modifier.py:367]: Adding track segment (B.Cu): [(123587501, 76514999), (123587501, 68850000)]
[board_modifier.py:375]: Could not add track segment due to detected collision
[key_placer.py:372]: Routing SW16 with D16
[key_placer.py:374]: Using internal autorouter method
[board_modifier.py:438]: Routing at B.Cu layer
[board_modifier.py:504]: Routing pad 'SW16:2' at (103582500, 77470000) with pad 'D16:2' at (104537501, 68850000) using coordinate system rotated by 0 degree(s)
[board_modifier.py:367]: Adding track segment (B.Cu): [(103582500, 77470000), (103582500, 69805001)]
[board_modifier.py:375]: Could not add track segment due to detected collision
[board_modifier.py:367]: Adding track segment (B.Cu): [(103582500, 77470000), (104537501, 76514999)]
[board_modifier.py:372]: Track added
[board_modifier.py:367]: Adding track segment (B.Cu): [(104537501, 76514999), (104537501, 68850000)]
[board_modifier.py:375]: Could not add track segment due to detected collision
[key_placer.py:372]: Routing SW15 with D15
[key_placer.py:374]: Using internal autorouter method
[board_modifier.py:438]: Routing at B.Cu layer
[board_modifier.py:504]: Routing pad 'SW15:2' at (84532500, 77470000) with pad 'D15:2' at (85487501, 68850000) using coordinate system rotated by 0 degree(s)
[board_modifier.py:367]: Adding track segment (B.Cu): [(84532500, 77470000), (84532500, 69805001)]
[board_modifier.py:375]: Could not add track segment due to detected collision
[board_modifier.py:367]: Adding track segment (B.Cu): [(84532500, 77470000), (85487501, 76514999)]
[board_modifier.py:372]: Track added
[board_modifier.py:367]: Adding track segment (B.Cu): [(85487501, 76514999), (85487501, 68850000)]
[board_modifier.py:375]: Could not add track segment due to detected collision
[key_placer.py:372]: Routing SW14 with D14
[key_placer.py:374]: Using internal autorouter method
[board_modifier.py:438]: Routing at B.Cu layer
[board_modifier.py:504]: Routing pad 'SW14:2' at (65482500, 77470000) with pad 'D14:2' at (66437501, 68850000) using coordinate system rotated by 0 degree(s)
[board_modifier.py:367]: Adding track segment (B.Cu): [(65482500, 77470000), (65482500, 69805001)]
[board_modifier.py:375]: Could not add track segment due to detected collision
[board_modifier.py:367]: Adding track segment (B.Cu): [(65482500, 77470000), (66437501, 76514999)]
[board_modifier.py:372]: Track added
[board_modifier.py:367]: Adding track segment (B.Cu): [(66437501, 76514999), (66437501, 68850000)]
[board_modifier.py:375]: Could not add track segment due to detected collision
[key_placer.py:372]: Routing SW13 with D13
[key_placer.py:374]: Using internal autorouter method
[board_modifier.py:438]: Routing at B.Cu layer
[board_modifier.py:504]: Routing pad 'SW13:2' at (39288750, 77470000) with pad 'D13:2' at (40243751, 68850000) using coordinate system rotated by 0 degree(s)
[board_modifier.py:367]: Adding track segment (B.Cu): [(39288750, 77470000), (39288750, 69805001)]
[board_modifier.py:375]: Could not add track segment due to detected collision
[board_modifier.py:367]: Adding track segment (B.Cu): [(39288750, 77470000), (40243751, 76514999)]
[board_modifier.py:372]: Track added
[board_modifier.py:367]: Adding track segment (B.Cu): [(40243751, 76514999), (40243751, 68850000)]
[board_modifier.py:375]: Could not add track segment due to detected collision
[key_placer.py:372]: Routing SW12 with D12
[key_placer.py:374]: Using internal autorouter method
[board_modifier.py:438]: Routing at B.Cu layer
[board_modifier.py:504]: Routing pad 'SW12:2' at (136920000, 58420000) with pad 'D12:2' at (137875001, 49800000) using coordinate system rotated by 0 degree(s)
[board_modifier.py:367]: Adding track segment (B.Cu): [(136920000, 58420000), (136920000, 50755001)]
[board_modifier.py:375]: Could not add track segment due to detected collision
[board_modifier.py:367]: Adding track segment (B.Cu): [(136920000, 58420000), (137875001, 57464999)]
[board_modifier.py:372]: Track added
[board_modifier.py:367]: Adding track segment (B.Cu): [(137875001, 57464999), (137875001, 49800000)]
[board_modifier.py:375]: Could not add track segment due to detected collision
[key_placer.py:372]: Routing SW11 with D11
[key_placer.py:374]: Using internal autorouter method
[board_modifier.py:438]: Routing at B.Cu layer
[board_modifier.py:504]: Routing pad 'SW11:2' at (117870000, 58420000) with pad 'D11:2' at (118825001, 49800000) using coordinate system rotated by 0 degree(s)
[board_modifier.py:367]: Adding track segment (B.Cu): [(117870000, 58420000), (117870000, 50755001)]
[board_modifier.py:375]: Could not add track segment due to detected collision
[board_modifier.py:367]: Adding track segment (B.Cu): [(117870000, 58420000), (118825001, 57464999)]
[board_modifier.py:372]: Track added
[board_modifier.py:367]: Adding track segment (B.Cu): [(118825001, 57464999), (118825001, 49800000)]
[board_modifier.py:375]: Could not add track segment due to detected collision
[key_placer.py:372]: Routing SW10 with D10
[key_placer.py:374]: Using internal autorouter method
[board_modifier.py:438]: Routing at B.Cu layer
[board_modifier.py:504]: Routing pad 'SW10:2' at (98820000, 58420000) with pad 'D10:2' at (99775001, 49800000) using coordinate system rotated by 0 degree(s)
[board_modifier.py:367]: Adding track segment (B.Cu): [(98820000, 58420000), (98820000, 50755001)]
[board_modifier.py:375]: Could not add track segment due to detected collision
[board_modifier.py:367]: Adding track segment (B.Cu): [(98820000, 58420000), (99775001, 57464999)]
[board_modifier.py:372]: Track added
[board_modifier.py:367]: Adding track segment (B.Cu): [(99775001, 57464999), (99775001, 49800000)]
[board_modifier.py:375]: Could not add track segment due to detected collision
[key_placer.py:372]: Routing SW9 with D9
[key_placer.py:374]: Using internal autorouter method
[board_modifier.py:438]: Routing at B.Cu layer
[board_modifier.py:504]: Routing pad 'SW9:2' at (79770000, 58420000) with pad 'D9:2' at (80725001, 49800000) using coordinate system rotated by 0 degree(s)
[board_modifier.py:367]: Adding track segment (B.Cu): [(79770000, 58420000), (79770000, 50755001)]
[board_modifier.py:375]: Could not add track segment due to detected collision
[board_modifier.py:367]: Adding track segment (B.Cu): [(79770000, 58420000), (80725001, 57464999)]
[board_modifier.py:372]: Track added
[board_modifier.py:367]: Adding track segment (B.Cu): [(80725001, 57464999), (80725001, 49800000)]
[board_modifier.py:375]: Could not add track segment due to detected collision
[key_placer.py:372]: Routing SW8 with D8
[key_placer.py:374]: Using internal autorouter method
[board_modifier.py:438]: Routing at B.Cu layer
[board_modifier.py:504]: Routing pad 'SW8:2' at (60720000, 58420000) with pad 'D8:2' at (61675001, 49800000) using coordinate system rotated by 0 degree(s)
[board_modifier.py:367]: Adding track segment (B.Cu): [(60720000, 58420000), (60720000, 50755001)]
[board_modifier.py:375]: Could not add track segment due to detected collision
[board_modifier.py:367]: Adding track segment (B.Cu): [(60720000, 58420000), (61675001, 57464999)]
[board_modifier.py:372]: Track added
[board_modifier.py:367]: Adding track segment (B.Cu): [(61675001, 57464999), (61675001, 49800000)]
[board_modifier.py:375]: Could not add track segment due to detected collision
[key_placer.py:372]: Routing SW7 with D7
[key_placer.py:374]: Using internal autorouter method
[board_modifier.py:438]: Routing at B.Cu layer
[board_modifier.py:504]: Routing pad 'SW7:2' at (36907500, 58420000) with pad 'D7:2' at (37862501, 49800000) using coordinate system rotated by 0 degree(s)
[board_modifier.py:367]: Adding track segment (B.Cu): [(36907500, 58420000), (36907500, 50755001)]
[board_modifier.py:375]: Could not add track segment due to detected collision
[board_modifier.py:367]: Adding track segment (B.Cu): [(36907500, 58420000), (37862501, 57464999)]
[board_modifier.py:372]: Track added
[board_modifier.py:367]: Adding track segment (B.Cu): [(37862501, 57464999), (37862501, 49800000)]
[board_modifier.py:375]: Could not add track segment due to detected collision
[key_placer.py:372]: Routing SW6 with D6
[key_placer.py:374]: Using internal autorouter method
[board_modifier.py:438]: Routing at B.Cu layer
[board_modifier.py:504]: Routing pad 'SW6:2' at (127395000, 39370000) with pad 'D6:2' at (128350001, 30750000) using coordinate system rotated by 0 degree(s)
[board_modifier.py:367]: Adding track segment (B.Cu): [(127395000, 39370000), (127395000, 31705001)]
[board_modifier.py:375]: Could not add track segment due to detected collision
[board_modifier.py:367]: Adding track segment (B.Cu): [(127395000, 39370000), (128350001, 38414999)]
[board_modifier.py:372]: Track added
[board_modifier.py:367]: Adding track segment (B.Cu): [(128350001, 38414999), (128350001, 30750000)]
[board_modifier.py:375]: Could not add track segment due to detected collision
[key_placer.py:372]: Routing SW5 with D5
[key_placer.py:374]: Using internal autorouter method
[board_modifier.py:438]: Routing at B.Cu layer
[board_modifier.py:504]: Routing pad 'SW5:2' at (108345000, 39370000) with pad 'D5:2' at (109300001, 30750000) using coordinate system rotated by 0 degree(s)
[board_modifier.py:367]: Adding track segment (B.Cu): [(108345000, 39370000), (108345000, 31705001)]
[board_modifier.py:375]: Could not add track segment due to detected collision
[board_modifier.py:367]: Adding track segment (B.Cu): [(108345000, 39370000), (109300001, 38414999)]
[board_modifier.py:372]: Track added
[board_modifier.py:367]: Adding track segment (B.Cu): [(109300001, 38414999), (109300001, 30750000)]
[board_modifier.py:375]: Could not add track segment due to detected collision
[key_placer.py:372]: Routing SW4 with D4
[key_placer.py:374]: Using internal autorouter method
[board_modifier.py:438]: Routing at B.Cu layer
[board_modifier.py:504]: Routing pad 'SW4:2' at (89295000, 39370000) with pad 'D4:2' at (90250001, 30750000) using coordinate system rotated by 0 degree(s)
[board_modifier.py:367]: Adding track segment (B.Cu): [(89295000, 39370000), (89295000, 31705001)]
[board_modifier.py:375]: Could not add track segment due to detected collision
[board_modifier.py:367]: Adding track segment (B.Cu): [(89295000, 39370000), (90250001, 38414999)]
[board_modifier.py:372]: Track added
[board_modifier.py:367]: Adding track segment (B.Cu): [(90250001, 38414999), (90250001, 30750000)]
[board_modifier.py:375]: Could not add track segment due to detected collision
[key_placer.py:372]: Routing SW3 with D3
[key_placer.py:374]: Using internal autorouter method
[board_modifier.py:438]: Routing at B.Cu layer
[board_modifier.py:504]: Routing pad 'SW3:2' at (70245000, 39370000) with pad 'D3:2' at (71200001, 30750000) using coordinate system rotated by 0 degree(s)
[board_modifier.py:367]: Adding track segment (B.Cu): [(70245000, 39370000), (70245000, 31705001)]
[board_modifier.py:375]: Could not add track segment due to detected collision
[board_modifier.py:367]: Adding track segment (B.Cu): [(70245000, 39370000), (71200001, 38414999)]
[board_modifier.py:372]: Track added
[board_modifier.py:367]: Adding track segment (B.Cu): [(71200001, 38414999), (71200001, 30750000)]
[board_modifier.py:375]: Could not add track segment due to detected collision
[key_placer.py:372]: Routing SW2 with D2
[key_placer.py:374]: Using internal autorouter method
[board_modifier.py:438]: Routing at B.Cu layer
[board_modifier.py:504]: Routing pad 'SW2:2' at (51195000, 39370000) with pad 'D2:2' at (52150001, 30750000) using coordinate system rotated by 0 degree(s)
[board_modifier.py:367]: Adding track segment (B.Cu): [(51195000, 39370000), (51195000, 31705001)]
[board_modifier.py:375]: Could not add track segment due to detected collision
[board_modifier.py:367]: Adding track segment (B.Cu): [(51195000, 39370000), (52150001, 38414999)]
[board_modifier.py:372]: Track added
[board_modifier.py:367]: Adding track segment (B.Cu): [(52150001, 38414999), (52150001, 30750000)]
[board_modifier.py:375]: Could not add track segment due to detected collision
[key_placer.py:372]: Routing SW1 with D1
[key_placer.py:374]: Using internal autorouter method
[board_modifier.py:438]: Routing at B.Cu layer
[board_modifier.py:504]: Routing pad 'SW1:2' at (32145000, 39370000) with pad 'D1:2' at (33100001, 30750000) using coordinate system rotated by 0 degree(s)
[board_modifier.py:367]: Adding track segment (B.Cu): [(32145000, 39370000), (32145000, 31705001)]
[board_modifier.py:375]: Could not add track segment due to detected collision
[board_modifier.py:367]: Adding track segment (B.Cu): [(32145000, 39370000), (33100001, 38414999)]
[board_modifier.py:372]: Track added
[board_modifier.py:367]: Adding track segment (B.Cu): [(33100001, 38414999), (33100001, 30750000)]
[board_modifier.py:375]: Could not add track segment due to detected collision
[key_placer.py:406]: Removing dangling tracks
[key_placer.py:418]: Removing 166a2560-6f2c-4b61-8c4f-de5de19f1099
[key_placer.py:418]: Removing 0547f844-3b8b-498f-814c-d7febc943db1
[key_placer.py:418]: Removing ce5adfdb-f6ea-48ee-b8a1-63a382c0642c
[key_placer.py:418]: Removing 0497d739-5721-4fd1-be3a-e22357dff2cf
[key_placer.py:418]: Removing 685aba3b-b8ec-492c-b20f-742b6f9d96c1
[key_placer.py:418]: Removing 76658de4-7b05-47f0-b599-6aa3535ed6a7
[key_placer.py:418]: Removing ebb626d8-42f2-4fb5-b0cd-bf79d03c93d4
[key_placer.py:418]: Removing c860bcfc-ec30-4b78-b436-6ea0caba1bea
[key_placer.py:418]: Removing 21f90121-fd6e-4412-9ddc-384e82dd8b15
[key_placer.py:418]: Removing 33f60eba-89cc-4e4d-a6ee-1531374d78f7
[key_placer.py:418]: Removing 5b447329-6bf9-4133-9510-fa12f1c66e7d
[key_placer.py:418]: Removing a5711a40-bef5-4e3a-a642-19af1c4f7036
[key_placer.py:418]: Removing 05e31a14-201a-466d-addc-ec7ecb702563
[key_placer.py:418]: Removing 8cf3d48b-e2f2-47d0-bd99-f131869c509b
[key_placer.py:418]: Removing 130f2870-2cab-42ac-ae15-1fb9ae48e34b
[key_placer.py:418]: Removing a9e54917-cd07-4eaa-b975-808c1a50717d
[key_placer.py:418]: Removing 3004ca72-9bf3-4aee-aa2b-4bbef5488c3a
[key_placer.py:418]: Removing 65f9e4cd-115b-4244-8578-06e278c10396
[key_placer.py:418]: Removing 47267e4c-a10e-4d3f-831a-a48b4fe029e4
[key_placer.py:418]: Removing 49101119-5544-4b5b-b5e7-da4638bb61dc
[key_placer.py:418]: Removing a7a60cd7-b3e1-4b85-bcdd-4477b91e2c1a
[key_placer.py:418]: Removing 72d5caef-d8e0-4896-a6ad-3bd39a61042b
[key_placer.py:418]: Removing 29020fb8-b41e-400d-8ff9-ecd1489b638a
[key_placer.py:418]: Removing 7d23a6e1-4d7b-48b1-b274-5592bd2261db
[key_placer.py:418]: Removing e05fb0e9-eea0-43b9-ae13-221360bdb6d1
[key_placer.py:418]: Removing 0885ec94-94ac-414e-ad64-0f0300c7f6db
[key_placer.py:418]: Removing 677cd1fc-690a-457c-9f2c-d9a56209dec7
[key_placer.py:418]: Removing 0cce7b5b-2f35-4710-a4e3-444cb6d22d01
[key_placer.py:418]: Removing 58d901d3-9ef4-45a0-a0b5-2fcfdea35aff
[key_placer.py:418]: Removing 980b7173-6b1f-41ed-865c-d9be33205e99
[key_placer.py:418]: Removing ddde85c1-9c28-4d32-bdb4-83e78f56614c
[key_placer.py:418]: Removing 5bf27906-7666-4708-8470-a6cac83dbf7d
[key_placer.py:418]: Removing 44a6043f-c248-49a1-8e18-ce60186e628e
[key_placer.py:418]: Removing 41918b8d-c92a-4e84-92c4-d33ef3b7be13
[key_placer.py:418]: Removing 645f4323-ad20-40af-ba7c-6b585a464b21
[key_placer.py:418]: Removing 4e13c68e-54ee-4d2f-a56c-c053b7889206
[key_placer.py:418]: Removing e96d8fc8-00e1-418e-bfe3-4e7663f80a9c
[key_placer.py:418]: Removing ff270a0b-5345-4e4d-ac90-ec48b413e2ab
[key_placer.py:418]: Removing 5d3cb450-4b8a-4bb5-8c2c-1fcfd5d6d5db
[key_placer.py:418]: Removing 990bc741-3708-42fe-8221-f4e953118d6c
[key_placer.py:418]: Removing 1d3ac46f-77ec-4775-aea1-b807eb25a37e
[key_placer.py:418]: Removing e7b33fba-b1b0-446e-a793-5b765b5f9983
[key_placer.py:418]: Removing 6d760e07-a0ca-42be-8987-e649061a4e1f
[key_placer.py:418]: Removing 09f492a1-a609-4c20-9ddd-dbb3c976cff0
[key_placer.py:418]: Removing 0c7a6b84-ed6d-4414-9886-9c165859cfd4
[key_placer.py:418]: Removing 4e6d8e08-f273-4397-b4e9-d686d180ced3
[key_placer.py:418]: Removing d39e9710-e5be-44eb-afd7-9db4b1ed0339
[key_placer.py:418]: Removing 44d53b53-55c1-48de-a264-6ea15184a3cc
[key_placer.py:418]: Removing 0e1b54db-15dc-4a60-a252-e4ec4c82277a
[key_placer.py:418]: Removing d6358147-9b9e-4c68-b1d0-fb12d9fa11f7
[key_placer.py:418]: Removing 7ea1d58d-0a00-4099-a0f5-2e1b6410fb16
[key_placer.py:418]: Removing 8e4a27d2-57ba-4d78-815f-bea8c4aa4f8d
[key_placer.py:418]: Removing bb1c2f6c-6895-4083-8ce0-eb96d84d54bc
[key_placer.py:418]: Removing 535c074a-e876-4bf9-8f7f-96297f6b4450
[key_placer.py:418]: Removing 301183c4-988e-4d96-be21-30d00783c885
[key_placer.py:418]: Removing ab584628-f95c-4c51-99f3-87a8f1d2516c
[key_placer.py:418]: Removing ceed91b6-d322-4222-a8a5-987c7cfbf7e2
[key_placer.py:418]: Removing 8c499d94-09bb-4040-9008-ea8baaa30d16
[key_placer.py:418]: Removing d97bdeb1-4606-440e-a366-0492d8607ebd
[key_placer.py:418]: Removing 409a7e66-0d2e-479c-b8fd-c5788aa8f4ff
[key_placer.py:418]: Removing f21df8f9-b3af-4257-9a79-2725da07cc29
[key_placer.py:418]: Removing 719e93fc-14fd-4008-8662-e833ca6a01ca
[key_placer.py:418]: Removing 3531982e-0be8-47fe-b4da-9b30b4e05751
[key_placer.py:418]: Removing 11e62ac9-6a3a-49da-a4b2-a0acfdbef497
[key_placer.py:418]: Removing f3d25978-d1f3-4ad8-8cc5-88cc500ffe51
[key_placer.py:418]: Removing 42ba0ffc-695b-4ec3-b2bd-e2b059236308
[key_placer.py:418]: Removing 07c7104d-8c1f-4fad-b127-b8839e723e53
[key_placer.py:418]: Removing a5b65c6e-d1d6-4e37-83f4-625e053b751c
[key_placer.py:418]: Removing 4a4b280a-b990-4f04-8995-0e430636c9ab
[key_placer.py:418]: Removing da710089-16c3-49e7-bb09-65f9dd488f37
[key_placer.py:418]: Removing b93ca729-1d93-43d7-951d-b2f2a65d49ef
[key_placer.py:418]: Removing e2706f76-48c2-428a-8439-705b2178181d
[key_placer.py:418]: Removing 484c3fc1-fcde-45bc-b928-1d06ba64babc
[key_placer.py:418]: Removing 77366445-db04-4d42-9562-07c07a965f25
[key_placer.py:418]: Removing 616232ad-f264-401e-99f2-12ddbf8f1af3
[key_placer.py:418]: Removing 889c4dc0-1c22-4a5b-9804-4dd745dedf92
[key_placer.py:418]: Removing ba217bb0-e718-45d7-abda-7873c18edbc0
[key_placer.py:418]: Removing cf0dd25b-0de4-42d3-b149-4ab7b95a8e72
[key_placer.py:418]: Removing 095fb1d6-c597-4a94-aa76-5235dda960f1
[key_placer.py:418]: Removing 6deaf2d5-b6af-441b-b4e6-7f204169e05b
[key_placer.py:418]: Removing 183d4795-5cd0-4df1-a309-95915bc477f7
[key_placer.py:418]: Removing db4b2434-a7bd-42ad-b301-64f9a3fbdd0e
[key_placer.py:418]: Removing b2f0d189-3b0f-4913-b9db-a67356bd80b7
[key_placer.py:418]: Removing b0072efb-408d-424b-a4a3-2b9d6ca6f15c
[key_placer.py:418]: Removing f23de6d0-2f0e-4d83-84d1-70306302bd93
[key_placer.py:418]: Removing 9bc21408-9373-47c7-9945-73ec7435c8d1
[key_placer.py:418]: Removing a2527110-6266-4f97-85bf-39042c7b9d62
[key_placer.py:418]: Removing afc1d8a5-5f9e-4cd5-9e6d-438f0686fdfd
[key_placer.py:418]: Removing a072c2cf-78f6-4135-84db-9f8ad803acba
[key_placer.py:418]: Removing d2cdf884-15b2-4521-9cb5-9737fc9aa67f
[key_placer.py:418]: Removing 76a59c37-5a5b-4204-a5f8-885c10810ab9
[key_placer.py:418]: Removing 114c18d7-707f-4f8d-8dee-87edbd39766c
[key_placer.py:418]: Removing bebc2586-7ae9-4e26-a630-2fb0d5b67444
[key_placer.py:418]: Removing 79dee7a8-8eae-4c0a-84c4-a9e71980ac99
[key_placer.py:418]: Removing 39fea56c-4765-42b5-8041-029f7da5aae2
[key_placer.py:418]: Removing 29d5f137-4cef-43aa-8bdc-b967cd36e726
[key_placer.py:418]: Removing 0a75f1ad-8ac8-4f38-a6d0-b7e48176c0a6
[key_placer.py:418]: Removing 4b4ce9d8-a305-4a20-8ea4-6cd42e01c7ee
[key_placer.py:418]: Removing 853b3d30-d63e-4904-84f7-4343f82ffe44
[key_placer.py:418]: Removing 7afe6b57-b580-4288-ac71-a345f0df2306
[key_placer.py:418]: Removing 28503738-1b1c-49ea-b7f0-3939a1d264d5
[key_placer.py:418]: Removing 632ce1e5-c810-4734-b91a-d2295c3443ec
[key_placer.py:418]: Removing 59fa0e28-22bf-46f4-9de5-4b4990aa3c4a
[key_placer.py:418]: Removing abba21df-7476-4760-ac24-730cac23a369
[key_placer.py:418]: Removing 540680b4-275a-40ba-bda8-f1312c7c175c
[key_placer.py:418]: Removing 924878b4-b1bc-42e5-a33c-17274147c4bf
[key_placer.py:418]: Removing 74fa25cb-bda1-4128-b380-0e7a5d3a4a37
[key_placer.py:418]: Removing 5a242ce5-c77f-44ef-aa7f-87144f8b2b49
[key_placer.py:418]: Removing 610815d0-1e8a-4019-9f63-fc9d28d16b9c
[key_placer.py:418]: Removing bcb352ff-5ad3-4691-8dda-7140fc7121ea
[key_placer.py:418]: Removing c0979d63-54b6-4a2e-ab8a-606279c51224
[key_placer.py:418]: Removing a0253c88-c1fb-4b67-af2f-1b5b43c29c60
[key_placer.py:418]: Removing 077edbf1-00cf-4bc7-88f3-1e70fee58462
[key_placer.py:418]: Removing 4eb0d505-b24c-4acc-80ba-038ea69aba52
[key_placer.py:418]: Removing 302f2ebb-4f9e-4b10-b740-b3af71df3142
[key_placer.py:418]: Removing 18411b28-5bf8-4a8f-ada4-7bf4aca0aee4
[key_placer.py:418]: Removing 00b8286a-984f-41aa-afb8-d00ec8d391f9
[key_placer.py:418]: Removing 2fd4f6cc-a0b3-4d34-87e0-5730fa219290
[key_placer.py:418]: Removing a543fa52-af56-4ae5-b882-14470a5bda22
[key_placer.py:418]: Removing fea65762-bc0a-4274-9637-e613ca0d4f09
[key_placer.py:406]: Removing dangling tracks
[key_placer.py:418]: Removing f55127b7-8f26-4314-8a9a-232cf2cd9e8f
[key_placer.py:418]: Removing 0a03cb25-9a6a-4e0e-91e0-8c65536801c7
[key_placer.py:418]: Removing 4b3a9c44-9dca-4b25-b10d-4eeef743f0ca
[key_placer.py:418]: Removing 502102ea-0173-4c78-ae84-52a8237f9de9
[key_placer.py:418]: Removing e792aec1-161c-4443-a7aa-55ef3867ba92
[key_placer.py:418]: Removing ce264a83-da28-4214-85ca-f4539f857b1b
[key_placer.py:418]: Removing ff4129e9-7025-4894-93c3-da8cd73c9223
[key_placer.py:418]: Removing 26803b94-8238-4ce0-828b-1df580742133
[key_placer.py:418]: Removing b5494d29-f255-4c6a-8a07-34da1dd5dace
[key_placer.py:418]: Removing 777829d4-b99a-44e5-9998-d0211f05cd52
[key_placer.py:418]: Removing f05ebb07-0bd9-45e5-95b6-df84630dab29
[key_placer.py:418]: Removing 9910d9fd-a6e7-4f4c-ab70-be332dd51cbf
[key_placer.py:418]: Removing c403a857-8b79-4f4b-a5c0-aa03a03dfbf1
[key_placer.py:418]: Removing 4a476f4d-0041-47fe-a97d-4d05b0b27a9a
[key_placer.py:418]: Removing 53ac8c4e-69b1-490b-980e-1bbfd552996c
[key_placer.py:418]: Removing 2193552a-8776-4ca2-8987-c203365e3883
[key_placer.py:418]: Removing 5427a01a-eacd-4f81-b000-d1dc9ba95683
[key_placer.py:418]: Removing 40a3fb63-b6fc-4ea4-af6c-18d61dc28d72
[key_placer.py:418]: Removing 1e3bec5f-d28e-4b50-80f5-0458323a0d1c
[key_placer.py:418]: Removing 92626339-39fc-4739-804b-74a40e8aa833
[key_placer.py:418]: Removing 404ba7d8-aadb-46c1-8532-e0557c1a13a4
[key_placer.py:418]: Removing 13712308-63ea-4a9d-9657-4be19210cb00
[key_placer.py:418]: Removing 48d686eb-efde-4d47-8e4e-e33d3a9c30db
[key_placer.py:418]: Removing 22e5601c-6bff-480f-9a58-309621551a9f
[key_placer.py:418]: Removing 6362ca3f-dcf6-460a-9621-6f725214d796
[key_placer.py:418]: Removing 6b21e34b-dd14-4206-898d-861d94c9ad11
[key_placer.py:418]: Removing 2963a07f-1eee-4dcf-869a-9174a8cae757
[key_placer.py:418]: Removing 28ee4915-97ca-4099-86d8-092f069d977e
[key_placer.py:418]: Removing 03c2efd2-2b1f-42e0-9d16-375bd3c7660e
[key_placer.py:418]: Removing c2133ff8-407e-47e5-8e57-6746206ddb3c
[key_placer.py:418]: Removing 5b681635-7929-43bf-aff0-15a5b74f39a4
[key_placer.py:418]: Removing c0f081ad-30c4-4980-812f-125aa16076d7
[key_placer.py:418]: Removing 4644f25f-d7b9-4774-883e-569af159b5e9
[key_placer.py:418]: Removing 784dd4d9-3d66-460c-ad7c-0add450b30af
[key_placer.py:418]: Removing f668da93-6335-4e22-b330-e6ce40bbb82e
[key_placer.py:418]: Removing 4d35dcbc-fce4-478f-918b-967b047baaa4
[key_placer.py:418]: Removing 8928e128-c574-48af-a5f9-a973848f3038
[key_placer.py:418]: Removing 7819c69b-3bbf-47fc-a513-360b2bfe5886
[key_placer.py:418]: Removing b80dc03e-b6ca-4400-829f-27e19fa68c5c
[key_placer.py:418]: Removing 53ff3b47-ee8c-415f-b9b6-ea1fe612c9b0
[key_placer.py:418]: Removing 715d6fd4-2710-43bf-8362-112bc654e396
[key_placer.py:418]: Removing 9a5890fc-787d-43c1-8258-420aa3cee30d
[key_placer.py:418]: Removing a59733e5-49a8-4d23-a66b-9334da42bf53
[key_placer.py:418]: Removing efe160de-b66d-4952-8da5-0097675f107b
[key_placer.py:418]: Removing b0662fde-2bbd-489c-b88d-d06bad86289d
[key_placer.py:418]: Removing 468478dc-3151-43ec-8402-83372c7a01e9
[key_placer.py:418]: Removing 461cae31-8719-4ce4-a0da-1f2c5ace2816
[key_placer.py:418]: Removing 3726debf-4fda-48e8-9272-a92654ac5391
[key_placer.py:418]: Removing 10ba6594-838a-46f2-80d5-089cb6ec623a
[key_placer.py:418]: Removing 706dbfeb-a9ba-45bf-ab84-91ce6a9ae935
[key_placer.py:418]: Removing a9ece05a-bafb-4f86-8c20-41b5d1e0979b
[key_placer.py:418]: Removing 0c1257e1-fb2e-4c6c-8cf8-caa05e6ebf7e
[key_placer.py:418]: Removing 81281b14-f34d-490e-ad1c-9b861ea3ba50
[key_placer.py:418]: Removing b2243fa3-c77a-4cd2-9125-2f6594d9414e
[key_placer.py:418]: Removing b5503026-5e68-4ed1-b1d5-adf149914f69
[key_placer.py:418]: Removing 0aa7d5b3-7e94-4e59-8cd7-bf9f7ea9c184
[key_placer.py:418]: Removing b7d19a36-aed1-4f31-a6d6-9be9160aba01
[key_placer.py:418]: Removing 0952a25e-96be-4e93-864a-27bf1937ac12
[key_placer.py:418]: Removing ba87166e-7656-4455-bfbc-c3cd7a113afb
[key_placer.py:418]: Removing d481c4f3-8467-4674-a5e5-c0ba7f7c92da
[key_placer.py:418]: Removing 2f85fed5-7142-4467-90ce-46021010799e
[key_placer.py:418]: Removing 38393bf4-1b87-4745-87c4-6e3716a4e01c
[key_placer.py:418]: Removing 7f20b5a7-75c3-4e6e-966b-0ebc38c2fd23
[key_placer.py:418]: Removing 4a284efd-a138-4072-9c68-30781c8712d9
[key_placer.py:418]: Removing 3a2b3231-df77-4a55-b0ee-a75b6cbf0a83
[key_placer.py:418]: Removing 596597e8-81bc-4cce-9abf-4695d6c9d073
[key_placer.py:418]: Removing 40b92aed-6415-4cbb-8459-f0862a96c927
[key_placer.py:418]: Removing 43000836-1ae6-4695-ba41-6e8a3ecfd0eb
[key_placer.py:418]: Removing 4602caff-8437-462d-bc37-b0096d623d66
[key_placer.py:418]: Removing 44dac4b7-e5e4-4cc2-9fed-c1156eebae28
[key_placer.py:418]: Removing a6827cb1-38b8-431a-b73f-1ee2c9e932f4
[key_placer.py:418]: Removing f0296031-d28e-4e65-92d9-52cbd78b9b31
[key_placer.py:418]: Removing 0c791bf2-d2b6-4d9e-b85b-8dfe58259d60
[key_placer.py:418]: Removing 1bbfb4ec-1d02-42b1-b9a2-ca367729eeb9
[key_placer.py:418]: Removing 124fe5dc-9423-4b7e-a13f-abb3f5dc75dd
[key_placer.py:418]: Removing 55a71989-56b0-4fc7-849a-0c4ddad67b9c
[key_placer.py:406]: Removing dangling tracks
[key_placer.py:418]: Removing 58eab7b7-3d55-41c0-8657-ff6cd4b356ee
[key_placer.py:418]: Removing 12d02f54-ffb5-4e7c-ace2-9d60ba7ed540
[key_placer.py:418]: Removing 77e79941-9af7-44cd-8640-e4369454eb96
[key_placer.py:418]: Removing 978629a0-071d-41e0-a327-5a7f84ad3436
[key_placer.py:418]: Removing 50ae3732-b9b9-4638-ae14-debce3ab31cc
[key_placer.py:418]: Removing 06fd872c-2104-4c22-8b97-807c95784c02
[key_placer.py:418]: Removing 5347b0ce-c9f2-46b0-8241-2e93ae75c026
[key_placer.py:418]: Removing 54cdc395-9147-4151-8870-33c0b26bf7df
[key_placer.py:418]: Removing fdaf8456-076d-4fd3-a7c5-53467d4ccce6
[key_placer.py:418]: Removing ddcc31b2-adec-4153-a432-a28af479d54f
[key_placer.py:418]: Removing b9c78556-3515-4acf-85c9-80a8c293a3f2
[key_placer.py:418]: Removing fea4bd0f-8638-4997-ab69-037985990d50
[key_placer.py:418]: Removing d06976ab-e143-46e9-a81d-e4edecd7545b
[key_placer.py:418]: Removing 9b40ca31-847f-4c55-922a-480a0442b046
[key_placer.py:418]: Removing b5708db6-5a6d-44b9-9ee9-2bd899c535d2
[key_placer.py:418]: Removing 9010a42e-cd7d-4b88-ba03-307997d602c3
[key_placer.py:418]: Removing fa4a63ff-02f2-4887-abe9-38f1ac901d75
[key_placer.py:418]: Removing bdafaa32-3053-4f2b-b71c-a8e0a2fc7819
[key_placer.py:406]: Removing dangling tracks
[key_placer.py:418]: Removing 95b1f604-da4c-487d-ac83-cc97c6e8ec4d
[key_placer.py:418]: Removing 5fbf5366-2c76-47ac-bcfc-acc26f62d0d4
[key_placer.py:418]: Removing e86e7fe2-58de-4a31-8b23-ff0c4bdd03c2
[key_placer.py:418]: Removing e75abd58-7290-4ca1-890c-85ab7d188d2b
[key_placer.py:418]: Removing a95a2af0-e61b-428f-8b7c-27ea1ddc500b
[key_placer.py:418]: Removing 16f70207-ca0d-4d1b-b2c6-79bf42c28a68
[key_placer.py:418]: Removing deb68691-4577-4459-8fe8-b92c01b931e5
[key_placer.py:418]: Removing 2cc4d9ee-fe25-4ab9-a365-5afe9ba9924e
[key_placer.py:418]: Removing 8c97ebf1-3f5d-4a91-91f0-a852ce244f55
[key_placer.py:418]: Removing 57754a96-d6f5-4be0-9b32-7339f4ad392a
[key_placer.py:418]: Removing b8ca679d-c4c3-4aa4-8b4b-4cb269cc3c0f
[key_placer.py:418]: Removing f515298b-f49a-4c73-8719-ce128b0aad05
[key_placer.py:418]: Removing b7dee79a-7c30-4f5a-9f7b-d97e334fe584
[key_placer.py:418]: Removing 32ae0328-ac7e-44ee-8dbf-287b7044dac5
[key_placer.py:406]: Removing dangling tracks
[key_placer.py:418]: Removing e7f90f89-a7f7-43e4-b199-cee36f6bd7a5
[key_placer.py:418]: Removing 71be4931-98e1-4256-9d39-8572c1acb4f8
[key_placer.py:418]: Removing b9611ebb-4cb9-4319-a99e-9fab1527dc2d
[key_placer.py:418]: Removing 2b4b68e7-1acf-4e7c-876c-5af541c9aec3
[key_placer.py:418]: Removing ee79e84a-4e66-44b8-9dca-287fd23f1e32
[key_placer.py:418]: Removing 3d4a756a-2d5e-47dc-bda4-04c3abf02f8b
[key_placer.py:418]: Removing f59378ca-047c-4a33-9677-fcada1e3bd6a
[key_placer.py:418]: Removing b9b84aac-aa28-46f8-b945-ff0330e468c2
[key_placer.py:418]: Removing b4e388de-b706-4f7f-a46e-1edafa8240a3
[key_placer.py:418]: Removing 1b1682e8-0a1d-40c4-b736-8323669ad34e
[key_placer.py:418]: Removing a62c1914-31c1-4561-9569-68fe27983707
[key_placer.py:418]: Removing 36dc677b-961a-4a9b-95ea-8c30a746e145
[key_placer.py:418]: Removing 58067d4e-df49-4abd-806a-c7c45924d621
[key_placer.py:406]: Removing dangling tracks
[key_placer.py:418]: Removing cf1d16e1-911f-49f5-9209-911a893a6d68
[key_placer.py:418]: Removing 60efb902-8227-4398-86cb-cd562e212cc6
[key_placer.py:418]: Removing 0df61513-84f7-4d7f-8f18-466576614986
[key_placer.py:418]: Removing 244a33a5-63ba-4af7-b2f0-d8a9990ab3f4
[key_placer.py:418]: Removing c5c492f5-8e8d-4a79-b126-09f7ad36ceb1
[key_placer.py:418]: Removing c89dc97f-e439-41c2-9424-75fa21639933
[key_placer.py:418]: Removing 06242eef-935d-46b1-ba95-d3e405502da3
[key_placer.py:418]: Removing 9ce0d66d-0fdc-4900-99fb-5b8d016c994e
[key_placer.py:418]: Removing 8cf9650c-6b42-450e-89a3-e21c89309b5c
[key_placer.py:418]: Removing 4dbde549-09e9-43d2-8cbb-0b211df63a70
[key_placer.py:418]: Removing 3510a6e1-b4f7-4dc5-adac-496d5a418146
[key_placer.py:418]: Removing 3d1789cd-3c20-4f28-a69b-f4bdb33370a4
[key_placer.py:418]: Removing 580f9abc-b6bd-4e98-a510-18fb44adfacf
[key_placer.py:406]: Removing dangling tracks
[key_placer.py:418]: Removing 9cf4d0c3-3922-4c07-8b91-7b002b7d995d
[key_placer.py:418]: Removing d9da1a58-39eb-459a-ad88-26f66d7ff765
[key_placer.py:418]: Removing ca7ac401-81ec-4f85-9617-ade06d276778
[key_placer.py:418]: Removing b102b7d3-1e14-4bb8-af85-c339fb82feea
[key_placer.py:418]: Removing 4082ff12-18b3-4d0d-b98e-6bc011689cd9
[key_placer.py:418]: Removing d0b2a75e-6261-419e-9511-5578d74c664a
[key_placer.py:418]: Removing 2b277cc2-400c-425b-acf3-09791aa193fa
[key_placer.py:418]: Removing d921de5d-4d94-4a86-8a04-a2f06a4a8c7b
[key_placer.py:418]: Removing be0c4ea7-6176-408b-bac5-65025d8f9d7d
[key_placer.py:418]: Removing 5a61cc44-d443-4cdb-8b3d-c1b59c5bd6dc
[key_placer.py:418]: Removing 9a75fd68-3a65-461d-93a0-49cfc4f676bc
[key_placer.py:406]: Removing dangling tracks
[key_placer.py:418]: Removing 1616c2be-9243-43db-8351-822b4cab36a5
[key_placer.py:418]: Removing b427fc4e-0700-451f-b3e5-98a14492901b
[key_placer.py:418]: Removing c04d5076-0849-454e-8bb8-35bc01cea386
[key_placer.py:418]: Removing a0ed4874-1549-4774-a78c-a06b3f924491
[key_placer.py:418]: Removing c0d605e0-5880-4056-98fb-3219d4f008bc
[key_placer.py:418]: Removing 191118e2-4e49-4264-8c7b-e47665ada363
[key_placer.py:418]: Removing e2b9b1fe-8c0a-429b-8e57-a52525bd6325
[key_placer.py:418]: Removing 74206875-fc85-450c-8416-335bbe77fd98
[key_placer.py:418]: Removing 4f6a54a6-f4fd-41b1-b0fa-4a32ca7dfc88
[key_placer.py:418]: Removing cec96d8b-3e22-42c1-aa2e-d88efbf57e5e
[key_placer.py:418]: Removing d4bb2351-0882-415c-9550-434a2e421bc8
[key_placer.py:406]: Removing dangling tracks
[key_placer.py:418]: Removing a00dd076-71c4-4939-9bae-680a49354731
[key_placer.py:418]: Removing 901aa04c-c1b6-46b7-a3c8-c8d092f7c6f0
[key_placer.py:418]: Removing 985b9ac7-8afa-46e5-96b3-da5814c62892
[key_placer.py:418]: Removing 0a220ae0-dc1c-4ecb-b376-abe22fb2a88d
[key_placer.py:418]: Removing 651b9a0e-cedd-47e2-88ce-b64b012ecaba
[key_placer.py:418]: Removing 82692b94-87f3-4abc-a717-3a9cb8ce8352
[key_placer.py:418]: Removing 315b43f2-068d-40ad-b534-aae0ca705662
[key_placer.py:418]: Removing 91339277-50e3-4495-ac9f-6ffee549bd46
[key_placer.py:418]: Removing 2d96b2d9-4ff6-4bc2-9ae1-d3bc01833737
[key_placer.py:418]: Removing 0ea9316f-f61e-41cf-8838-437ea2df3d8f
[key_placer.py:406]: Removing dangling tracks
[key_placer.py:418]: Removing f13f9ae6-420b-4850-a3bc-f395c97ba6ba
[key_placer.py:418]: Removing 7d7e9818-4d56-4036-a153-6e0251d58a82
[key_placer.py:418]: Removing 0aec5ae7-3fac-4dcf-8a30-f89b17233e24
[key_placer.py:418]: Removing 6f0fd73c-6ea4-4e57-b73b-d735d2e98b50
[key_placer.py:418]: Removing 71855cb1-5b48-4b58-ba71-b9ea6847397e
[key_placer.py:418]: Removing 04ab9b42-7676-4514-afd0-3988f281c7b0
[key_placer.py:418]: Removing 35703ed8-487b-47a7-974b-0172aaa7dcd4
[key_placer.py:418]: Removing 4451a54b-66d3-430c-8342-53aca182fdfc
[key_placer.py:418]: Removing c41ef2a2-9fcd-4ada-9bcd-a02a5bce5bfa
[key_placer.py:406]: Removing dangling tracks
[key_placer.py:418]: Removing 5ea207a6-665c-4c27-8e44-71d857c06d8c
[key_placer.py:418]: Removing 8c984c0f-86f7-4f65-8064-46e2633b2494
[key_placer.py:418]: Removing 21bd0817-495a-4204-9054-7b4912b18aa0
[key_placer.py:418]: Removing 70cf0daf-e823-44b6-b85c-76f5e1041ee0
[key_placer.py:418]: Removing 469ced90-371f-4dcd-ab18-7f1e158df6fc
[key_placer.py:418]: Removing 58936560-c66a-430f-93df-4616a38b53dd
[key_placer.py:418]: Removing d3f765ac-1ed7-406c-8222-9e09d33fbe56
[key_placer.py:418]: Removing fafa54c1-051b-4482-a323-d7514ca4c3f2
[key_placer.py:406]: Removing dangling tracks
[key_placer.py:418]: Removing 2853d171-10ae-4139-89e1-4219b374f795
[key_placer.py:418]: Removing 51ffd480-65ea-4aec-affa-e3a1b67fd5de
[key_placer.py:418]: Removing 61b8da20-f1cd-4ebf-aac7-4e42574de5a9
[key_placer.py:418]: Removing cb8a79fa-6b45-44dc-b839-3b700137f5ee
[key_placer.py:418]: Removing 1bcf901b-5c84-4d9e-9a36-6309d63a5d90
[key_placer.py:418]: Removing 344c3405-7727-43a6-80ba-753886723afa
[key_placer.py:418]: Removing bc24d941-0ba8-41b7-8913-83edbf1beb47
[key_placer.py:418]: Removing 389dda32-693c-4bc4-a2a2-add7cbfea13b
[key_placer.py:406]: Removing dangling tracks
[key_placer.py:418]: Removing 19471e29-1d5d-4738-ac01-8b9b8b90f54e
[key_placer.py:418]: Removing 8ea5539d-14b6-41f3-bc20-378c7f20bd25
[key_placer.py:418]: Removing 8cf14336-4955-4363-8369-585a61b44b16
[key_placer.py:418]: Removing bd8f9f43-f8f8-4e4e-ad17-eaa221b9fb33
[key_placer.py:418]: Removing fc677fe7-b6f2-475e-b318-0e55617ed302
[key_placer.py:418]: Removing 11c94d68-82cb-4fae-9759-a6820cb37b61
[key_placer.py:418]: Removing 89294247-7f2b-4324-9cb4-f5d570641416
[key_placer.py:418]: Removing 93cdbe77-11f8-483d-bbf8-8239de722125
[key_placer.py:406]: Removing dangling tracks
[key_placer.py:418]: Removing 725f4f74-fa09-4d9a-b144-ea9a458ab167
[key_placer.py:418]: Removing 818f1179-7a5e-4372-beed-c242ba69035a
[key_placer.py:418]: Removing b836a4b4-bc15-456f-86ac-95bd90c2a241
[key_placer.py:418]: Removing 3e633e20-bf48-4d40-8bb5-701bc38c849c
[key_placer.py:418]: Removing 66683dd4-874d-4957-8dd5-bde53402071a
[key_placer.py:418]: Removing f9b61bfc-9ce4-4090-9b7f-ab78bdbc360d
[key_placer.py:418]: Removing 1531304a-ebe8-4401-a595-c2f21ae4d84b
[key_placer.py:418]: Removing 2712f343-cb84-43c6-9123-3bd1c70b7a90
[key_placer.py:406]: Removing dangling tracks
[key_placer.py:418]: Removing 76758d59-3dc2-42ef-a63f-6dc16059cfc3
[key_placer.py:418]: Removing 35c23d67-0313-44b1-8b98-2b61c906d45b
[key_placer.py:418]: Removing 1ed95f0a-c7b5-4dc6-bc33-76c995f5e49b
[key_placer.py:418]: Removing 6ed3db45-6d4d-4914-bd84-50eab12ac8cc
[key_placer.py:418]: Removing 43ee55c5-2cda-4047-9c0f-1af18493d83a
[key_placer.py:418]: Removing 930b06e7-e9a7-4c97-9b7b-0c679a633493
[key_placer.py:418]: Removing 4e43bf21-6137-47b1-b3d5-9b1effbac425
[key_placer.py:418]: Removing b8533441-ee17-4148-91e9-48afd46d9e62
[key_placer.py:406]: Removing dangling tracks
[key_placer.py:418]: Removing 96e33bae-c978-4c47-90e0-37a2fa653e41
[key_placer.py:418]: Removing d73a0156-d451-4dbd-b2fb-68ab657da09e
[key_placer.py:418]: Removing 0e22c85e-63d2-4aba-813c-d1a697e38ecb
[key_placer.py:418]: Removing ada52ad8-daea-40a8-8a13-c487834f5595
[key_placer.py:418]: Removing 618e90d6-cc57-4227-940d-727e909ff938
[key_placer.py:418]: Removing 767252d0-f071-4c58-b0da-bd4ce4422103
[key_placer.py:418]: Removing f17d6b1b-47cf-4530-b6da-f7247a7aa92b
[key_placer.py:406]: Removing dangling tracks
[key_placer.py:418]: Removing 834b1deb-ba82-47f4-95b9-3f383a53017e
[key_placer.py:418]: Removing 8a846b75-1b3d-4de3-93d0-d589d85de982
[key_placer.py:418]: Removing e1fde4d3-7ef3-4434-9801-4cbd65572e49
[key_placer.py:418]: Removing 633a7929-79f9-4490-b667-1b62d8bad1ac
[key_placer.py:418]: Removing de2b90c2-f0be-4142-8f96-40087669d4d3
[key_placer.py:418]: Removing 4f320868-3738-4c47-aef9-439d7cac3591
[key_placer.py:418]: Removing 8d15c2df-9c85-470f-b341-3f7d489ffbff
[key_placer.py:406]: Removing dangling tracks
[key_placer.py:418]: Removing fb54f0cf-d117-4d04-9793-6117cffc1204
[key_placer.py:418]: Removing e7c69adb-5cfb-4730-9a9f-96297bc70fde
[key_placer.py:418]: Removing 2a2ae2ab-eafa-4c50-a386-e9fbb99cc1f6
[key_placer.py:418]: Removing 8d4a6494-8a55-4988-93a2-263692e26707
[key_placer.py:418]: Removing 6594486c-86f0-4e0a-a0a0-77f6fb8abe47
[key_placer.py:418]: Removing ea15c080-11c0-4db4-9553-9b30fe9a4fd4
[key_placer.py:418]: Removing 2f91f231-c2a1-44cf-a7b7-3250499f9986
[key_placer.py:406]: Removing dangling tracks
[key_placer.py:418]: Removing 92a374dc-2181-4810-ac2d-6be3d9af109e
[key_placer.py:418]: Removing 55dc916c-34fe-4b80-8a31-a174f1159fcc
[key_placer.py:418]: Removing b35bf63d-fafe-4af4-bc20-ba15edf55373
[key_placer.py:418]: Removing db4317bf-1244-4808-9466-5d81a2eac3c6
[key_placer.py:418]: Removing 47d40f16-bef7-4c8f-8fd2-1df3e45c8e4a
[key_placer.py:418]: Removing 54c283f3-de9b-49d9-9f32-51ddd3ca9bff
[key_placer.py:418]: Removing 97e3a751-ffec-4597-9cdc-9bb244624743
[key_placer.py:406]: Removing dangling tracks
[key_placer.py:418]: Removing ccc697d1-2ea2-4e6a-a6e2-a9b568429bd6
[key_placer.py:418]: Removing 91c60c8d-b719-441a-8a2c-711152cdfe4c
[key_placer.py:418]: Removing 82e7ca28-6ced-4d4e-9d98-d218b53315ef
[key_placer.py:418]: Removing 11b9851b-83fd-40f0-823d-a5455e09d6ef
[key_placer.py:418]: Removing 28ca36b2-ba55-44c4-8195-db6cfa7fff53
[key_placer.py:418]: Removing 236a8487-2489-494b-8d46-bab6e5916f73
[key_placer.py:406]: Removing dangling tracks
[key_placer.py:418]: Removing 2e0a6686-ff69-4592-b099-16817228d8f8
[key_placer.py:418]: Removing e808248d-f249-4313-b5f3-8069d7b03778
[key_placer.py:418]: Removing e5141fa4-b48f-49f6-b73d-3b0237c3dcf8
[key_placer.py:418]: Removing 0d316f85-ce29-47b6-8071-e9beef5d0d3f
[key_placer.py:418]: Removing c6a41ac5-737b-4942-8aba-7933a0fe0949
[key_placer.py:418]: Removing 76bf3fad-7973-4cfd-8007-a364c4859860
[key_placer.py:406]: Removing dangling tracks
[key_placer.py:418]: Removing dbf71520-6944-4731-8653-ebb64f91b9e6
[key_placer.py:418]: Removing 23096307-161d-4e05-a12d-78e86b397a79
[key_placer.py:418]: Removing e1e6239f-4fca-45e3-97dc-5a9dde1737ab
[key_placer.py:418]: Removing c9ff6f93-d1a7-4b9e-b555-fc84eae840f3
[key_placer.py:418]: Removing 90bbb157-3ccc-4d28-9ce9-7d7e796b3048
[key_placer.py:406]: Removing dangling tracks
[key_placer.py:418]: Removing e5295e82-9efd-4215-9d01-651ed32aa2ff
[key_placer.py:418]: Removing a380c1b5-71b9-4b72-9af0-31d232303bb2
[key_placer.py:418]: Removing ec9a9b35-f59b-4f83-8737-3e69216087a5
[key_placer.py:418]: Removing e83aaf9b-cf04-4e09-a80d-f623d5f64bdd
[key_placer.py:406]: Removing dangling tracks
[key_placer.py:418]: Removing c88bdbcd-5b3a-4b24-bc6b-14e19df094dc
[key_placer.py:418]: Removing bafe603d-19c1-40f8-ad1c-5df2d68e30f6
[key_placer.py:418]: Removing 5b3ee3fb-b03a-4ff2-a0a4-4c888c37bc89
[key_placer.py:406]: Removing dangling tracks
[key_placer.py:418]: Removing 706305e0-7608-4035-8d1f-b08887fbd0d0
[key_placer.py:418]: Removing 18460384-4676-4f5a-803f-432ec6cd8de6
[key_placer.py:418]: Removing 2ade267c-46d0-47fc-a1fe-c448a685f581
[key_placer.py:406]: Removing dangling tracks
[key_placer.py:418]: Removing 5414cf6f-dd66-4306-ad8d-3eca1a88313d
[key_placer.py:418]: Removing de89aad7-7d3f-4d1d-887b-6e9548d35564
[key_placer.py:418]: Removing 737334c3-bc97-4c0e-a628-b95e92b9c4d0
[key_placer.py:406]: Removing dangling tracks
[key_placer.py:418]: Removing 32aaf528-b818-42c5-ba3b-8a7ff33391d9
[key_placer.py:418]: Removing 103c78ee-73b3-4e29-9d8e-f2895d1afbd7
[key_placer.py:406]: Removing dangling tracks
[key_placer.py:418]: Removing 8ad9eab0-bd5f-4d50-b955-98140ce27eb1
[key_placer.py:406]: Removing dangling tracks
[key_placer.py:418]: Removing 1d0209d3-ca05-4674-8995-378bedefea19
[key_placer.py:406]: Removing dangling tracks
[edge_generator.py:135]: Running board edge generation around footprints with annotation matching 'SW{}' format
